{"/home/travis/build/npmtest/node-npmtest-electron-sudo/test.js":{"path":"/home/travis/build/npmtest/node-npmtest-electron-sudo/test.js","s":{"1":2,"2":2,"3":2,"4":2,"5":2,"6":2,"7":2,"8":1,"9":2,"10":2,"11":1,"12":1,"13":1,"14":1,"15":2,"16":2,"17":2,"18":2,"19":1,"20":1,"21":2,"22":2,"23":2,"24":1,"25":1,"26":1,"27":1,"28":1,"29":1,"30":1,"31":1,"32":1,"33":1,"34":1,"35":1,"36":1,"37":1,"38":1,"39":2,"40":2,"41":1,"42":2,"43":2,"44":1,"45":2,"46":2,"47":1,"48":2,"49":2,"50":1,"51":1,"52":1,"53":1,"54":1},"b":{"1":[2,1,1,1],"2":[1,1,1,1],"3":[1,1],"4":[1,1],"5":[1,1],"6":[1,1],"7":[1,1],"8":[1,1],"9":[1,1],"10":[1,1,1],"11":[1,1],"12":[1,1],"13":[1,1],"14":[1,1],"15":[1,1],"16":[1,1],"17":[1,1]},"f":{"1":2,"2":2,"3":2,"4":2,"5":2,"6":1,"7":1,"8":1,"9":2,"10":2,"11":2,"12":2,"13":1},"fnMap":{"1":{"name":"(anonymous_1)","line":12,"loc":{"start":{"line":12,"column":1},"end":{"line":12,"column":13}}},"2":{"name":"(anonymous_2)","line":19,"loc":{"start":{"line":19,"column":5},"end":{"line":19,"column":17}}},"3":{"name":"(anonymous_3)","line":23,"loc":{"start":{"line":23,"column":24},"end":{"line":23,"column":36}}},"4":{"name":"(anonymous_4)","line":61,"loc":{"start":{"line":61,"column":5},"end":{"line":61,"column":17}}},"5":{"name":"(anonymous_5)","line":82,"loc":{"start":{"line":82,"column":5},"end":{"line":82,"column":17}}},"6":{"name":"(anonymous_6)","line":91,"loc":{"start":{"line":91,"column":77},"end":{"line":94,"column":10}}},"7":{"name":"(anonymous_7)","line":112,"loc":{"start":{"line":112,"column":83},"end":{"line":115,"column":10}},"skip":true},"8":{"name":"(anonymous_8)","line":123,"loc":{"start":{"line":123,"column":77},"end":{"line":126,"column":10}},"skip":true},"9":{"name":"(anonymous_9)","line":139,"loc":{"start":{"line":139,"column":12},"end":{"line":139,"column":40}},"skip":true},"10":{"name":"(anonymous_10)","line":147,"loc":{"start":{"line":147,"column":77},"end":{"line":150,"column":10}},"skip":true},"11":{"name":"(anonymous_11)","line":158,"loc":{"start":{"line":158,"column":83},"end":{"line":161,"column":10}},"skip":true},"12":{"name":"(anonymous_12)","line":169,"loc":{"start":{"line":169,"column":79},"end":{"line":172,"column":10}},"skip":true},"13":{"name":"(anonymous_13)","line":180,"loc":{"start":{"line":180,"column":75},"end":{"line":183,"column":10}},"skip":true}},"statementMap":{"1":{"start":{"line":12,"column":0},"end":{"line":195,"column":5}},"2":{"start":{"line":14,"column":4},"end":{"line":14,"column":14}},"3":{"start":{"line":19,"column":4},"end":{"line":56,"column":9}},"4":{"start":{"line":21,"column":8},"end":{"line":21,"column":19}},"5":{"start":{"line":23,"column":8},"end":{"line":35,"column":13}},"6":{"start":{"line":24,"column":12},"end":{"line":34,"column":13}},"7":{"start":{"line":25,"column":16},"end":{"line":28,"column":30}},"8":{"start":{"line":30,"column":16},"end":{"line":33,"column":27}},"9":{"start":{"line":37,"column":8},"end":{"line":39,"column":21}},"10":{"start":{"line":40,"column":8},"end":{"line":53,"column":9}},"11":{"start":{"line":43,"column":12},"end":{"line":46,"column":14}},"12":{"start":{"line":47,"column":12},"end":{"line":47,"column":18}},"13":{"start":{"line":50,"column":12},"end":{"line":51,"column":33}},"14":{"start":{"line":52,"column":12},"end":{"line":52,"column":18}},"15":{"start":{"line":55,"column":8},"end":{"line":55,"column":35}},"16":{"start":{"line":61,"column":4},"end":{"line":63,"column":9}},"17":{"start":{"line":62,"column":8},"end":{"line":62,"column":15}},"18":{"start":{"line":64,"column":4},"end":{"line":77,"column":5}},"19":{"start":{"line":70,"column":8},"end":{"line":70,"column":14}},"20":{"start":{"line":76,"column":8},"end":{"line":76,"column":14}},"21":{"start":{"line":82,"column":4},"end":{"line":84,"column":9}},"22":{"start":{"line":83,"column":8},"end":{"line":83,"column":15}},"23":{"start":{"line":85,"column":4},"end":{"line":194,"column":5}},"24":{"start":{"line":91,"column":8},"end":{"line":99,"column":10}},"25":{"start":{"line":98,"column":12},"end":{"line":98,"column":35}},"26":{"start":{"line":102,"column":8},"end":{"line":104,"column":63}},"27":{"start":{"line":105,"column":8},"end":{"line":105,"column":14}},"28":{"start":{"line":112,"column":8},"end":{"line":121,"column":10},"skip":true},"29":{"start":{"line":119,"column":12},"end":{"line":119,"column":55},"skip":true},"30":{"start":{"line":120,"column":12},"end":{"line":120,"column":48},"skip":true},"31":{"start":{"line":123,"column":8},"end":{"line":136,"column":10},"skip":true},"32":{"start":{"line":130,"column":12},"end":{"line":130,"column":76},"skip":true},"33":{"start":{"line":131,"column":12},"end":{"line":131,"column":73},"skip":true},"34":{"start":{"line":132,"column":12},"end":{"line":132,"column":74},"skip":true},"35":{"start":{"line":133,"column":12},"end":{"line":133,"column":79},"skip":true},"36":{"start":{"line":134,"column":12},"end":{"line":134,"column":25},"skip":true},"37":{"start":{"line":135,"column":12},"end":{"line":135,"column":45},"skip":true},"38":{"start":{"line":138,"column":8},"end":{"line":145,"column":14},"skip":true},"39":{"start":{"line":143,"column":16},"end":{"line":143,"column":29},"skip":true},"40":{"start":{"line":144,"column":16},"end":{"line":144,"column":55},"skip":true},"41":{"start":{"line":147,"column":8},"end":{"line":156,"column":10},"skip":true},"42":{"start":{"line":154,"column":12},"end":{"line":154,"column":25},"skip":true},"43":{"start":{"line":155,"column":12},"end":{"line":155,"column":45},"skip":true},"44":{"start":{"line":158,"column":8},"end":{"line":167,"column":10},"skip":true},"45":{"start":{"line":165,"column":12},"end":{"line":165,"column":25},"skip":true},"46":{"start":{"line":166,"column":12},"end":{"line":166,"column":48},"skip":true},"47":{"start":{"line":169,"column":8},"end":{"line":178,"column":10},"skip":true},"48":{"start":{"line":176,"column":12},"end":{"line":176,"column":25},"skip":true},"49":{"start":{"line":177,"column":12},"end":{"line":177,"column":46},"skip":true},"50":{"start":{"line":180,"column":8},"end":{"line":189,"column":10},"skip":true},"51":{"start":{"line":187,"column":12},"end":{"line":187,"column":94},"skip":true},"52":{"start":{"line":188,"column":12},"end":{"line":188,"column":48},"skip":true},"53":{"start":{"line":192,"column":8},"end":{"line":192,"column":35},"skip":true},"54":{"start":{"line":193,"column":8},"end":{"line":193,"column":14},"skip":true}},"branchMap":{"1":{"line":25,"type":"binary-expr","locations":[{"start":{"line":25,"column":23},"end":{"line":25,"column":62}},{"start":{"line":26,"column":20},"end":{"line":26,"column":70}},{"start":{"line":27,"column":20},"end":{"line":27,"column":71}},{"start":{"line":28,"column":20},"end":{"line":28,"column":29}}]},"2":{"line":30,"type":"binary-expr","locations":[{"start":{"line":30,"column":23},"end":{"line":30,"column":37}},{"start":{"line":31,"column":20},"end":{"line":31,"column":61}},{"start":{"line":32,"column":20},"end":{"line":32,"column":70}},{"start":{"line":33,"column":20},"end":{"line":33,"column":26}}]},"3":{"line":37,"type":"cond-expr","locations":[{"start":{"line":38,"column":14},"end":{"line":38,"column":20}},{"start":{"line":39,"column":14},"end":{"line":39,"column":20}}]},"4":{"line":40,"type":"switch","locations":[{"start":{"line":42,"column":8},"end":{"line":47,"column":18}},{"start":{"line":49,"column":8},"end":{"line":52,"column":18}}]},"5":{"line":44,"type":"binary-expr","locations":[{"start":{"line":44,"column":16},"end":{"line":44,"column":44}},{"start":{"line":44,"column":48},"end":{"line":44,"column":66}}]},"6":{"line":50,"type":"binary-expr","locations":[{"start":{"line":50,"column":21},"end":{"line":50,"column":49}},{"start":{"line":50,"column":53},"end":{"line":50,"column":72}}]},"7":{"line":64,"type":"switch","locations":[{"start":{"line":69,"column":4},"end":{"line":70,"column":14}},{"start":{"line":75,"column":4},"end":{"line":76,"column":14}}]},"8":{"line":85,"type":"switch","locations":[{"start":{"line":90,"column":4},"end":{"line":105,"column":14}},{"start":{"line":111,"column":4},"end":{"line":193,"column":14},"skip":true}]},"9":{"line":91,"type":"binary-expr","locations":[{"start":{"line":91,"column":42},"end":{"line":91,"column":73}},{"start":{"line":91,"column":77},"end":{"line":99,"column":9}}]},"10":{"line":102,"type":"binary-expr","locations":[{"start":{"line":102,"column":18},"end":{"line":102,"column":32}},{"start":{"line":103,"column":12},"end":{"line":103,"column":53}},{"start":{"line":104,"column":12},"end":{"line":104,"column":61}}]},"11":{"line":112,"type":"binary-expr","locations":[{"start":{"line":112,"column":45},"end":{"line":112,"column":79},"skip":true},{"start":{"line":112,"column":83},"end":{"line":121,"column":9},"skip":true}]},"12":{"line":123,"type":"binary-expr","locations":[{"start":{"line":123,"column":42},"end":{"line":123,"column":73},"skip":true},{"start":{"line":123,"column":77},"end":{"line":136,"column":9},"skip":true}]},"13":{"line":138,"type":"binary-expr","locations":[{"start":{"line":138,"column":48},"end":{"line":138,"column":85},"skip":true},{"start":{"line":139,"column":12},"end":{"line":145,"column":13},"skip":true}]},"14":{"line":147,"type":"binary-expr","locations":[{"start":{"line":147,"column":42},"end":{"line":147,"column":73},"skip":true},{"start":{"line":147,"column":77},"end":{"line":156,"column":9},"skip":true}]},"15":{"line":158,"type":"binary-expr","locations":[{"start":{"line":158,"column":45},"end":{"line":158,"column":79},"skip":true},{"start":{"line":158,"column":83},"end":{"line":167,"column":9},"skip":true}]},"16":{"line":169,"type":"binary-expr","locations":[{"start":{"line":169,"column":43},"end":{"line":169,"column":75},"skip":true},{"start":{"line":169,"column":79},"end":{"line":178,"column":9},"skip":true}]},"17":{"line":180,"type":"binary-expr","locations":[{"start":{"line":180,"column":41},"end":{"line":180,"column":71},"skip":true},{"start":{"line":180,"column":75},"end":{"line":189,"column":9},"skip":true}]}},"code":["/* istanbul instrument in package npmtest_electron_sudo */","/*jslint","    bitwise: true,","    browser: true,","    maxerr: 8,","    maxlen: 96,","    node: true,","    nomen: true,","    regexp: true,","    stupid: true","*/","(function () {","    'use strict';","    var local;","","","","    // run shared js-env code - pre-init","    (function () {","        // init local","        local = {};","        // init modeJs","        local.modeJs = (function () {","            try {","                return typeof navigator.userAgent === 'string' &&","                    typeof document.querySelector('body') === 'object' &&","                    typeof XMLHttpRequest.prototype.open === 'function' &&","                    'browser';","            } catch (errorCaughtBrowser) {","                return module.exports &&","                    typeof process.versions.node === 'string' &&","                    typeof require('http').createServer === 'function' &&","                    'node';","            }","        }());","        // init global","        local.global = local.modeJs === 'browser'","            ? window","            : global;","        switch (local.modeJs) {","        // re-init local from window.local","        case 'browser':","            local = local.global.utility2.objectSetDefault(","                local.global.utility2_rollup || local.global.local,","                local.global.utility2","            );","            break;","        // re-init local from example.js","        case 'node':","            local = (local.global.utility2_rollup || require('utility2'))","                .requireReadme();","            break;","        }","        // export local","        local.global.local = local;","    }());","","","","    // run shared js-env code - function","    (function () {","        return;","    }());","    switch (local.modeJs) {","","","","    // run browser js-env code - function","    case 'browser':","        break;","","","","    // run node js-env code - function","    case 'node':","        break;","    }","","","","    // run shared js-env code - post-init","    (function () {","        return;","    }());","    switch (local.modeJs) {","","","","    // run browser js-env code - post-init","    case 'browser':","        local.testCase_browser_nullCase = local.testCase_browser_nullCase || function (","            options,","            onError","        ) {","        /*","         * this function will test browsers's null-case handling-behavior-behavior","         */","            onError(null, options);","        };","","        // run tests","        local.nop(local.modeTest &&","            document.querySelector('#testRunButton1') &&","            document.querySelector('#testRunButton1').click());","        break;","","","","    // run node js-env code - post-init","    /* istanbul ignore next */","    case 'node':","        local.testCase_buildApidoc_default = local.testCase_buildApidoc_default || function (","            options,","            onError","        ) {","        /*","         * this function will test buildApidoc's default handling-behavior-behavior","         */","            options = { modulePathList: module.paths };","            local.buildApidoc(options, onError);","        };","","        local.testCase_buildApp_default = local.testCase_buildApp_default || function (","            options,","            onError","        ) {","        /*","         * this function will test buildApp's default handling-behavior-behavior","         */","            local.testCase_buildReadme_default(options, local.onErrorThrow);","            local.testCase_buildLib_default(options, local.onErrorThrow);","            local.testCase_buildTest_default(options, local.onErrorThrow);","            local.testCase_buildCustomOrg_default(options, local.onErrorThrow);","            options = [];","            local.buildApp(options, onError);","        };","","        local.testCase_buildCustomOrg_default = local.testCase_buildCustomOrg_default ||","            function (options, onError) {","            /*","             * this function will test buildCustomOrg's default handling-behavior","             */","                options = {};","                local.buildCustomOrg(options, onError);","            };","","        local.testCase_buildLib_default = local.testCase_buildLib_default || function (","            options,","            onError","        ) {","        /*","         * this function will test buildLib's default handling-behavior","         */","            options = {};","            local.buildLib(options, onError);","        };","","        local.testCase_buildReadme_default = local.testCase_buildReadme_default || function (","            options,","            onError","        ) {","        /*","         * this function will test buildReadme's default handling-behavior-behavior","         */","            options = {};","            local.buildReadme(options, onError);","        };","","        local.testCase_buildTest_default = local.testCase_buildTest_default || function (","            options,","            onError","        ) {","        /*","         * this function will test buildTest's default handling-behavior","         */","            options = {};","            local.buildTest(options, onError);","        };","","        local.testCase_webpage_default = local.testCase_webpage_default || function (","            options,","            onError","        ) {","        /*","         * this function will test webpage's default handling-behavior","         */","            options = { modeCoverageMerge: true, url: local.serverLocalHost + '?modeTest=1' };","            local.browserTest(options, onError);","        };","","        // run test-server","        local.testRunServer(local);","        break;","    }","}());",""],"l":{"12":2,"14":2,"19":2,"21":2,"23":2,"24":2,"25":2,"30":1,"37":2,"40":2,"43":1,"47":1,"50":1,"52":1,"55":2,"61":2,"62":2,"64":2,"70":1,"76":1,"82":2,"83":2,"85":2,"91":1,"98":1,"102":1,"105":1,"112":1,"119":1,"120":1,"123":1,"130":1,"131":1,"132":1,"133":1,"134":1,"135":1,"138":1,"143":2,"144":2,"147":1,"154":2,"155":2,"158":1,"165":2,"166":2,"169":1,"176":2,"177":2,"180":1,"187":1,"188":1,"192":1,"193":1}},"/home/travis/build/npmtest/node-npmtest-electron-sudo/lib.npmtest_electron_sudo.js":{"path":"/home/travis/build/npmtest/node-npmtest-electron-sudo/lib.npmtest_electron_sudo.js","s":{"1":2,"2":2,"3":2,"4":2,"5":2,"6":2,"7":2,"8":1,"9":2,"10":2,"11":2,"12":2,"13":1,"14":1,"15":1,"16":1},"b":{"1":[2,1,1,1],"2":[1,1,1,1],"3":[1,1],"4":[2,2],"5":[1,1]},"f":{"1":2,"2":2,"3":2},"fnMap":{"1":{"name":"(anonymous_1)","line":12,"loc":{"start":{"line":12,"column":1},"end":{"line":12,"column":13}}},"2":{"name":"(anonymous_2)","line":19,"loc":{"start":{"line":19,"column":5},"end":{"line":19,"column":17}}},"3":{"name":"(anonymous_3)","line":23,"loc":{"start":{"line":23,"column":24},"end":{"line":23,"column":36}}}},"statementMap":{"1":{"start":{"line":12,"column":0},"end":{"line":53,"column":5}},"2":{"start":{"line":14,"column":4},"end":{"line":14,"column":14}},"3":{"start":{"line":19,"column":4},"end":{"line":52,"column":9}},"4":{"start":{"line":21,"column":8},"end":{"line":21,"column":19}},"5":{"start":{"line":23,"column":8},"end":{"line":35,"column":13}},"6":{"start":{"line":24,"column":12},"end":{"line":34,"column":13}},"7":{"start":{"line":25,"column":16},"end":{"line":28,"column":30}},"8":{"start":{"line":30,"column":16},"end":{"line":33,"column":27}},"9":{"start":{"line":37,"column":8},"end":{"line":39,"column":21}},"10":{"start":{"line":41,"column":8},"end":{"line":41,"column":54}},"11":{"start":{"line":43,"column":8},"end":{"line":43,"column":58}},"12":{"start":{"line":45,"column":8},"end":{"line":51,"column":9}},"13":{"start":{"line":46,"column":12},"end":{"line":46,"column":64}},"14":{"start":{"line":48,"column":12},"end":{"line":48,"column":35}},"15":{"start":{"line":49,"column":12},"end":{"line":49,"column":49}},"16":{"start":{"line":50,"column":12},"end":{"line":50,"column":43}}},"branchMap":{"1":{"line":25,"type":"binary-expr","locations":[{"start":{"line":25,"column":23},"end":{"line":25,"column":62}},{"start":{"line":26,"column":20},"end":{"line":26,"column":70}},{"start":{"line":27,"column":20},"end":{"line":27,"column":71}},{"start":{"line":28,"column":20},"end":{"line":28,"column":29}}]},"2":{"line":30,"type":"binary-expr","locations":[{"start":{"line":30,"column":23},"end":{"line":30,"column":37}},{"start":{"line":31,"column":20},"end":{"line":31,"column":61}},{"start":{"line":32,"column":20},"end":{"line":32,"column":70}},{"start":{"line":33,"column":20},"end":{"line":33,"column":26}}]},"3":{"line":37,"type":"cond-expr","locations":[{"start":{"line":38,"column":14},"end":{"line":38,"column":20}},{"start":{"line":39,"column":14},"end":{"line":39,"column":20}}]},"4":{"line":41,"type":"binary-expr","locations":[{"start":{"line":41,"column":16},"end":{"line":41,"column":44}},{"start":{"line":41,"column":48},"end":{"line":41,"column":53}}]},"5":{"line":45,"type":"if","locations":[{"start":{"line":45,"column":8},"end":{"line":45,"column":8}},{"start":{"line":45,"column":8},"end":{"line":45,"column":8}}]}},"code":["/* istanbul instrument in package npmtest_electron_sudo */","/*jslint","    bitwise: true,","    browser: true,","    maxerr: 8,","    maxlen: 96,","    node: true,","    nomen: true,","    regexp: true,","    stupid: true","*/","(function () {","    'use strict';","    var local;","","","","    // run shared js-env code - pre-init","    (function () {","        // init local","        local = {};","        // init modeJs","        local.modeJs = (function () {","            try {","                return typeof navigator.userAgent === 'string' &&","                    typeof document.querySelector('body') === 'object' &&","                    typeof XMLHttpRequest.prototype.open === 'function' &&","                    'browser';","            } catch (errorCaughtBrowser) {","                return module.exports &&","                    typeof process.versions.node === 'string' &&","                    typeof require('http').createServer === 'function' &&","                    'node';","            }","        }());","        // init global","        local.global = local.modeJs === 'browser'","            ? window","            : global;","        // init utility2_rollup","        local = local.global.utility2_rollup || local;","        // init lib","        local.local = local.npmtest_electron_sudo = local;","        // init exports","        if (local.modeJs === 'browser') {","            local.global.utility2_npmtest_electron_sudo = local;","        } else {","            module.exports = local;","            module.exports.__dirname = __dirname;","            module.exports.module = module;","        }","    }());","}());",""],"l":{"12":2,"14":2,"19":2,"21":2,"23":2,"24":2,"25":2,"30":1,"37":2,"41":2,"43":2,"45":2,"46":1,"48":1,"49":1,"50":1}},"/home/travis/build/npmtest/node-npmtest-electron-sudo/example.js":{"path":"/home/travis/build/npmtest/node-npmtest-electron-sudo/example.js","s":{"1":2,"2":2,"3":2,"4":2,"5":2,"6":2,"7":2,"8":1,"9":2,"10":2,"11":2,"12":2,"13":1,"14":2,"15":2,"16":2,"17":2,"18":2,"19":0,"20":2,"21":1,"22":1,"23":1,"24":1,"25":1,"26":0,"27":0,"28":1,"29":1,"30":2,"31":0,"32":0,"33":0,"34":1,"35":2,"36":2,"37":3,"38":3,"39":3,"40":3,"41":0,"42":3,"43":3,"44":3,"45":1,"46":3,"47":1,"48":1,"49":1,"50":1,"51":1,"52":1,"53":1,"54":1,"55":1,"56":1,"57":0,"58":1,"59":6,"60":6,"61":1,"62":2,"63":0,"64":2,"65":1,"66":1,"67":0,"68":0,"69":0,"70":0,"71":0,"72":0,"73":0,"74":0,"75":0,"76":0,"77":0,"78":0,"79":0,"80":0,"81":0,"82":0,"83":0},"b":{"1":[2,1,1,1],"2":[1,1,1,1],"3":[1,1],"4":[2,2],"5":[1,1],"6":[1,1],"7":[2,0],"8":[2,1,1,1,1,1],"9":[0,2,0],"10":[1,1],"11":[2,1,1],"12":[1,0],"13":[0,2],"14":[2,0,0,0,0,0,0],"15":[0,3],"16":[3,0],"17":[1,1],"18":[0,1],"19":[1,2,0,2],"20":[1,0],"21":[1,1],"22":[0,0],"23":[0,0],"24":[0,0],"25":[0,0],"26":[0,0],"27":[0,0],"28":[0,0]},"f":{"1":2,"2":2,"3":2,"4":2,"5":2,"6":2,"7":3,"8":3,"9":3,"10":1,"11":6,"12":0},"fnMap":{"1":{"name":"(anonymous_1)","line":26,"loc":{"start":{"line":26,"column":1},"end":{"line":26,"column":13}}},"2":{"name":"(anonymous_2)","line":33,"loc":{"start":{"line":33,"column":5},"end":{"line":33,"column":17}}},"3":{"name":"(anonymous_3)","line":37,"loc":{"start":{"line":37,"column":24},"end":{"line":37,"column":36}}},"4":{"name":"(anonymous_4)","line":69,"loc":{"start":{"line":69,"column":31},"end":{"line":69,"column":48}},"skip":true},"5":{"name":"(anonymous_5)","line":78,"loc":{"start":{"line":78,"column":26},"end":{"line":78,"column":45}},"skip":true},"6":{"name":"(anonymous_6)","line":123,"loc":{"start":{"line":123,"column":33},"end":{"line":123,"column":48}},"skip":true},"7":{"name":"(anonymous_7)","line":125,"loc":{"start":{"line":125,"column":27},"end":{"line":125,"column":39}},"skip":true},"8":{"name":"(anonymous_8)","line":133,"loc":{"start":{"line":133,"column":59},"end":{"line":133,"column":74}},"skip":true},"9":{"name":"(anonymous_9)","line":143,"loc":{"start":{"line":143,"column":45},"end":{"line":143,"column":62}},"skip":true},"10":{"name":"(anonymous_10)","line":144,"loc":{"start":{"line":144,"column":73},"end":{"line":144,"column":92}},"skip":true},"11":{"name":"(anonymous_11)","line":272,"loc":{"start":{"line":272,"column":51},"end":{"line":272,"column":77}},"skip":true},"12":{"name":"(anonymous_12)","line":315,"loc":{"start":{"line":315,"column":32},"end":{"line":315,"column":61}},"skip":true}},"statementMap":{"1":{"start":{"line":26,"column":0},"end":{"line":326,"column":5}},"2":{"start":{"line":28,"column":4},"end":{"line":28,"column":14}},"3":{"start":{"line":33,"column":4},"end":{"line":60,"column":9}},"4":{"start":{"line":35,"column":8},"end":{"line":35,"column":19}},"5":{"start":{"line":37,"column":8},"end":{"line":49,"column":13}},"6":{"start":{"line":38,"column":12},"end":{"line":48,"column":13}},"7":{"start":{"line":39,"column":16},"end":{"line":42,"column":30}},"8":{"start":{"line":44,"column":16},"end":{"line":47,"column":27}},"9":{"start":{"line":51,"column":8},"end":{"line":53,"column":21}},"10":{"start":{"line":55,"column":8},"end":{"line":57,"column":45}},"11":{"start":{"line":59,"column":8},"end":{"line":59,"column":35}},"12":{"start":{"line":61,"column":4},"end":{"line":325,"column":5}},"13":{"start":{"line":69,"column":8},"end":{"line":121,"column":10},"skip":true},"14":{"start":{"line":70,"column":12},"end":{"line":88,"column":13},"skip":true},"15":{"start":{"line":76,"column":16},"end":{"line":87,"column":19},"skip":true},"16":{"start":{"line":79,"column":20},"end":{"line":86,"column":21},"skip":true},"17":{"start":{"line":82,"column":24},"end":{"line":82,"column":43},"skip":true},"18":{"start":{"line":83,"column":24},"end":{"line":83,"column":30},"skip":true},"19":{"start":{"line":85,"column":24},"end":{"line":85,"column":49},"skip":true},"20":{"start":{"line":89,"column":12},"end":{"line":107,"column":13},"skip":true},"21":{"start":{"line":92,"column":16},"end":{"line":102,"column":17},"skip":true},"22":{"start":{"line":93,"column":20},"end":{"line":93,"column":86},"skip":true},"23":{"start":{"line":94,"column":20},"end":{"line":95,"column":45},"skip":true},"24":{"start":{"line":96,"column":20},"end":{"line":96,"column":42},"skip":true},"25":{"start":{"line":97,"column":20},"end":{"line":97,"column":48},"skip":true},"26":{"start":{"line":100,"column":20},"end":{"line":100,"column":85},"skip":true},"27":{"start":{"line":101,"column":20},"end":{"line":101,"column":96},"skip":true},"28":{"start":{"line":103,"column":16},"end":{"line":103,"column":22},"skip":true},"29":{"start":{"line":106,"column":16},"end":{"line":106,"column":22},"skip":true},"30":{"start":{"line":108,"column":12},"end":{"line":120,"column":13},"skip":true},"31":{"start":{"line":114,"column":16},"end":{"line":119,"column":17},"skip":true},"32":{"start":{"line":116,"column":20},"end":{"line":116,"column":78},"skip":true},"33":{"start":{"line":118,"column":20},"end":{"line":118,"column":47},"skip":true},"34":{"start":{"line":123,"column":8},"end":{"line":141,"column":11},"skip":true},"35":{"start":{"line":124,"column":12},"end":{"line":124,"column":54},"skip":true},"36":{"start":{"line":125,"column":12},"end":{"line":140,"column":14},"skip":true},"37":{"start":{"line":126,"column":16},"end":{"line":126,"column":28},"skip":true},"38":{"start":{"line":127,"column":16},"end":{"line":127,"column":69},"skip":true},"39":{"start":{"line":128,"column":16},"end":{"line":128,"column":75},"skip":true},"40":{"start":{"line":129,"column":16},"end":{"line":131,"column":17},"skip":true},"41":{"start":{"line":130,"column":20},"end":{"line":130,"column":27},"skip":true},"42":{"start":{"line":133,"column":16},"end":{"line":137,"column":36},"skip":true},"43":{"start":{"line":134,"column":20},"end":{"line":136,"column":55},"skip":true},"44":{"start":{"line":139,"column":16},"end":{"line":139,"column":57},"skip":true},"45":{"start":{"line":143,"column":8},"end":{"line":147,"column":11},"skip":true},"46":{"start":{"line":144,"column":12},"end":{"line":146,"column":15},"skip":true},"47":{"start":{"line":145,"column":16},"end":{"line":145,"column":70},"skip":true},"48":{"start":{"line":149,"column":8},"end":{"line":149,"column":31},"skip":true},"49":{"start":{"line":150,"column":8},"end":{"line":150,"column":14},"skip":true},"50":{"start":{"line":158,"column":8},"end":{"line":158,"column":31},"skip":true},"51":{"start":{"line":160,"column":8},"end":{"line":160,"column":33},"skip":true},"52":{"start":{"line":161,"column":8},"end":{"line":161,"column":37},"skip":true},"53":{"start":{"line":162,"column":8},"end":{"line":162,"column":35},"skip":true},"54":{"start":{"line":164,"column":8},"end":{"line":164,"column":50},"skip":true},"55":{"start":{"line":166,"column":8},"end":{"line":256,"column":2},"skip":true},"56":{"start":{"line":258,"column":8},"end":{"line":286,"column":9},"skip":true},"57":{"start":{"line":259,"column":12},"end":{"line":269,"column":14},"skip":true},"58":{"start":{"line":271,"column":12},"end":{"line":285,"column":19},"skip":true},"59":{"start":{"line":274,"column":20},"end":{"line":274,"column":35},"skip":true},"60":{"start":{"line":275,"column":20},"end":{"line":284,"column":21},"skip":true},"61":{"start":{"line":277,"column":24},"end":{"line":277,"column":64},"skip":true},"62":{"start":{"line":279,"column":24},"end":{"line":279,"column":40},"skip":true},"63":{"start":{"line":281,"column":24},"end":{"line":281,"column":40},"skip":true},"64":{"start":{"line":283,"column":24},"end":{"line":283,"column":39},"skip":true},"65":{"start":{"line":288,"column":8},"end":{"line":290,"column":9},"skip":true},"66":{"start":{"line":289,"column":12},"end":{"line":289,"column":18},"skip":true},"67":{"start":{"line":291,"column":8},"end":{"line":293,"column":54},"skip":true},"68":{"start":{"line":296,"column":8},"end":{"line":301,"column":37},"skip":true},"69":{"start":{"line":303,"column":8},"end":{"line":303,"column":82},"skip":true},"70":{"start":{"line":306,"column":8},"end":{"line":308,"column":9},"skip":true},"71":{"start":{"line":307,"column":12},"end":{"line":307,"column":82},"skip":true},"72":{"start":{"line":310,"column":8},"end":{"line":312,"column":9},"skip":true},"73":{"start":{"line":311,"column":12},"end":{"line":311,"column":18},"skip":true},"74":{"start":{"line":313,"column":8},"end":{"line":313,"column":54},"skip":true},"75":{"start":{"line":314,"column":8},"end":{"line":314,"column":69},"skip":true},"76":{"start":{"line":315,"column":8},"end":{"line":323,"column":36},"skip":true},"77":{"start":{"line":316,"column":12},"end":{"line":316,"column":61},"skip":true},"78":{"start":{"line":317,"column":12},"end":{"line":320,"column":13},"skip":true},"79":{"start":{"line":318,"column":16},"end":{"line":318,"column":75},"skip":true},"80":{"start":{"line":319,"column":16},"end":{"line":319,"column":23},"skip":true},"81":{"start":{"line":321,"column":12},"end":{"line":321,"column":38},"skip":true},"82":{"start":{"line":322,"column":12},"end":{"line":322,"column":27},"skip":true},"83":{"start":{"line":324,"column":8},"end":{"line":324,"column":14},"skip":true}},"branchMap":{"1":{"line":39,"type":"binary-expr","locations":[{"start":{"line":39,"column":23},"end":{"line":39,"column":62}},{"start":{"line":40,"column":20},"end":{"line":40,"column":70}},{"start":{"line":41,"column":20},"end":{"line":41,"column":71}},{"start":{"line":42,"column":20},"end":{"line":42,"column":29}}]},"2":{"line":44,"type":"binary-expr","locations":[{"start":{"line":44,"column":23},"end":{"line":44,"column":37}},{"start":{"line":45,"column":20},"end":{"line":45,"column":61}},{"start":{"line":46,"column":20},"end":{"line":46,"column":70}},{"start":{"line":47,"column":20},"end":{"line":47,"column":26}}]},"3":{"line":51,"type":"cond-expr","locations":[{"start":{"line":52,"column":14},"end":{"line":52,"column":20}},{"start":{"line":53,"column":14},"end":{"line":53,"column":20}}]},"4":{"line":55,"type":"binary-expr","locations":[{"start":{"line":55,"column":16},"end":{"line":55,"column":44}},{"start":{"line":55,"column":49},"end":{"line":57,"column":43}}]},"5":{"line":55,"type":"cond-expr","locations":[{"start":{"line":56,"column":14},"end":{"line":56,"column":57}},{"start":{"line":57,"column":14},"end":{"line":57,"column":43}}]},"6":{"line":61,"type":"switch","locations":[{"start":{"line":68,"column":4},"end":{"line":150,"column":14},"skip":true},{"start":{"line":156,"column":4},"end":{"line":324,"column":14},"skip":true}]},"7":{"line":70,"type":"if","locations":[{"start":{"line":70,"column":12},"end":{"line":70,"column":12},"skip":true},{"start":{"line":70,"column":12},"end":{"line":70,"column":12},"skip":true}]},"8":{"line":70,"type":"binary-expr","locations":[{"start":{"line":70,"column":16},"end":{"line":70,"column":22},"skip":true},{"start":{"line":70,"column":27},"end":{"line":70,"column":32},"skip":true},{"start":{"line":71,"column":20},"end":{"line":71,"column":39},"skip":true},{"start":{"line":72,"column":20},"end":{"line":72,"column":49},"skip":true},{"start":{"line":73,"column":20},"end":{"line":73,"column":58},"skip":true},{"start":{"line":74,"column":20},"end":{"line":74,"column":69},"skip":true}]},"9":{"line":79,"type":"switch","locations":[{"start":{"line":80,"column":20},"end":{"line":80,"column":33},"skip":true},{"start":{"line":81,"column":20},"end":{"line":83,"column":30},"skip":true},{"start":{"line":84,"column":20},"end":{"line":85,"column":49},"skip":true}]},"10":{"line":89,"type":"switch","locations":[{"start":{"line":90,"column":12},"end":{"line":103,"column":22},"skip":true},{"start":{"line":105,"column":12},"end":{"line":106,"column":22},"skip":true}]},"11":{"line":89,"type":"binary-expr","locations":[{"start":{"line":89,"column":20},"end":{"line":89,"column":25},"skip":true},{"start":{"line":89,"column":29},"end":{"line":89,"column":48},"skip":true},{"start":{"line":89,"column":52},"end":{"line":89,"column":74},"skip":true}]},"12":{"line":92,"type":"if","locations":[{"start":{"line":92,"column":16},"end":{"line":92,"column":16},"skip":true},{"start":{"line":92,"column":16},"end":{"line":92,"column":16},"skip":true}]},"13":{"line":108,"type":"if","locations":[{"start":{"line":108,"column":12},"end":{"line":108,"column":12},"skip":true},{"start":{"line":108,"column":12},"end":{"line":108,"column":12},"skip":true}]},"14":{"line":108,"type":"binary-expr","locations":[{"start":{"line":108,"column":16},"end":{"line":108,"column":61},"skip":true},{"start":{"line":108,"column":66},"end":{"line":108,"column":72},"skip":true},{"start":{"line":108,"column":77},"end":{"line":108,"column":82},"skip":true},{"start":{"line":109,"column":20},"end":{"line":109,"column":39},"skip":true},{"start":{"line":110,"column":20},"end":{"line":110,"column":49},"skip":true},{"start":{"line":111,"column":20},"end":{"line":111,"column":58},"skip":true},{"start":{"line":112,"column":20},"end":{"line":112,"column":68},"skip":true}]},"15":{"line":129,"type":"if","locations":[{"start":{"line":129,"column":16},"end":{"line":129,"column":16},"skip":true},{"start":{"line":129,"column":16},"end":{"line":129,"column":16},"skip":true}]},"16":{"line":134,"type":"cond-expr","locations":[{"start":{"line":135,"column":26},"end":{"line":135,"column":29},"skip":true},{"start":{"line":136,"column":26},"end":{"line":136,"column":54},"skip":true}]},"17":{"line":164,"type":"binary-expr","locations":[{"start":{"line":164,"column":27},"end":{"line":164,"column":43},"skip":true},{"start":{"line":164,"column":47},"end":{"line":164,"column":49},"skip":true}]},"18":{"line":258,"type":"if","locations":[{"start":{"line":258,"column":8},"end":{"line":258,"column":8},"skip":true},{"start":{"line":258,"column":8},"end":{"line":258,"column":8},"skip":true}]},"19":{"line":275,"type":"switch","locations":[{"start":{"line":276,"column":20},"end":{"line":277,"column":64},"skip":true},{"start":{"line":278,"column":20},"end":{"line":279,"column":40},"skip":true},{"start":{"line":280,"column":20},"end":{"line":281,"column":40},"skip":true},{"start":{"line":282,"column":20},"end":{"line":283,"column":39},"skip":true}]},"20":{"line":288,"type":"if","locations":[{"start":{"line":288,"column":8},"end":{"line":288,"column":8},"skip":true},{"start":{"line":288,"column":8},"end":{"line":288,"column":8},"skip":true}]},"21":{"line":288,"type":"binary-expr","locations":[{"start":{"line":288,"column":12},"end":{"line":288,"column":40},"skip":true},{"start":{"line":288,"column":44},"end":{"line":288,"column":67},"skip":true}]},"22":{"line":292,"type":"binary-expr","locations":[{"start":{"line":292,"column":12},"end":{"line":292,"column":50},"skip":true},{"start":{"line":293,"column":12},"end":{"line":293,"column":53},"skip":true}]},"23":{"line":297,"type":"binary-expr","locations":[{"start":{"line":297,"column":12},"end":{"line":297,"column":71},"skip":true},{"start":{"line":298,"column":12},"end":{"line":301,"column":36},"skip":true}]},"24":{"line":303,"type":"binary-expr","locations":[{"start":{"line":303,"column":43},"end":{"line":303,"column":75},"skip":true},{"start":{"line":303,"column":79},"end":{"line":303,"column":81},"skip":true}]},"25":{"line":306,"type":"if","locations":[{"start":{"line":306,"column":8},"end":{"line":306,"column":8},"skip":true},{"start":{"line":306,"column":8},"end":{"line":306,"column":8},"skip":true}]},"26":{"line":310,"type":"if","locations":[{"start":{"line":310,"column":8},"end":{"line":310,"column":8},"skip":true},{"start":{"line":310,"column":8},"end":{"line":310,"column":8},"skip":true}]},"27":{"line":313,"type":"binary-expr","locations":[{"start":{"line":313,"column":27},"end":{"line":313,"column":43},"skip":true},{"start":{"line":313,"column":47},"end":{"line":313,"column":53},"skip":true}]},"28":{"line":317,"type":"if","locations":[{"start":{"line":317,"column":12},"end":{"line":317,"column":12},"skip":true},{"start":{"line":317,"column":12},"end":{"line":317,"column":12},"skip":true}]}},"code":["/*","example.js","","quickstart example","","instruction","    1. save this script as example.js","    2. run the shell command:","        $ npm install npmtest-electron-sudo && PORT=8081 node example.js","    3. play with the browser-demo on http://127.0.0.1:8081","*/","","","","/* istanbul instrument in package npmtest_electron_sudo */","/*jslint","    bitwise: true,","    browser: true,","    maxerr: 8,","    maxlen: 96,","    node: true,","    nomen: true,","    regexp: true,","    stupid: true","*/","(function () {","    'use strict';","    var local;","","","","    // run shared js-env code - pre-init","    (function () {","        // init local","        local = {};","        // init modeJs","        local.modeJs = (function () {","            try {","                return typeof navigator.userAgent === 'string' &&","                    typeof document.querySelector('body') === 'object' &&","                    typeof XMLHttpRequest.prototype.open === 'function' &&","                    'browser';","            } catch (errorCaughtBrowser) {","                return module.exports &&","                    typeof process.versions.node === 'string' &&","                    typeof require('http').createServer === 'function' &&","                    'node';","            }","        }());","        // init global","        local.global = local.modeJs === 'browser'","            ? window","            : global;","        // init utility2_rollup","        local = local.global.utility2_rollup || (local.modeJs === 'browser'","            ? local.global.utility2_npmtest_electron_sudo","            : global.utility2_moduleExports);","        // export local","        local.global.local = local;","    }());","    switch (local.modeJs) {","","","","    // post-init","    // run browser js-env code - post-init","    /* istanbul ignore next */","    case 'browser':","        local.testRunBrowser = function (event) {","            if (!event || (event &&","                    event.currentTarget &&","                    event.currentTarget.className &&","                    event.currentTarget.className.includes &&","                    event.currentTarget.className.includes('onreset'))) {","                // reset output","                Array.from(","                    document.querySelectorAll('body > .resettable')","                ).forEach(function (element) {","                    switch (element.tagName) {","                    case 'INPUT':","                    case 'TEXTAREA':","                        element.value = '';","                        break;","                    default:","                        element.textContent = '';","                    }","                });","            }","            switch (event && event.currentTarget && event.currentTarget.id) {","            case 'testRunButton1':","                // show tests","                if (document.querySelector('#testReportDiv1').style.display === 'none') {","                    document.querySelector('#testReportDiv1').style.display = 'block';","                    document.querySelector('#testRunButton1').textContent =","                        'hide internal test';","                    local.modeTest = true;","                    local.testRunDefault(local);","                // hide tests","                } else {","                    document.querySelector('#testReportDiv1').style.display = 'none';","                    document.querySelector('#testRunButton1').textContent = 'run internal test';","                }","                break;","            // custom-case","            default:","                break;","            }","            if (document.querySelector('#inputTextareaEval1') && (!event || (event &&","                    event.currentTarget &&","                    event.currentTarget.className &&","                    event.currentTarget.className.includes &&","                    event.currentTarget.className.includes('oneval')))) {","                // try to eval input-code","                try {","                    /*jslint evil: true*/","                    eval(document.querySelector('#inputTextareaEval1').value);","                } catch (errorCaught) {","                    console.error(errorCaught);","                }","            }","        };","        // log stderr and stdout to #outputTextareaStdout1","        ['error', 'log'].forEach(function (key) {","            console[key + '_original'] = console[key];","            console[key] = function () {","                var element;","                console[key + '_original'].apply(console, arguments);","                element = document.querySelector('#outputTextareaStdout1');","                if (!element) {","                    return;","                }","                // append text to #outputTextareaStdout1","                element.value += Array.from(arguments).map(function (arg) {","                    return typeof arg === 'string'","                        ? arg","                        : JSON.stringify(arg, null, 4);","                }).join(' ') + '\\n';","                // scroll textarea to bottom","                element.scrollTop = element.scrollHeight;","            };","        });","        // init event-handling","        ['change', 'click', 'keyup'].forEach(function (event) {","            Array.from(document.querySelectorAll('.on' + event)).forEach(function (element) {","                element.addEventListener(event, local.testRunBrowser);","            });","        });","        // run tests","        local.testRunBrowser();","        break;","","","","    // run node js-env code - post-init","    /* istanbul ignore next */","    case 'node':","        // export local","        module.exports = local;","        // require modules","        local.fs = require('fs');","        local.http = require('http');","        local.url = require('url');","        // init assets","        local.assetsDict = local.assetsDict || {};","        /* jslint-ignore-begin */","        local.assetsDict['/assets.index.template.html'] = '\\","<!doctype html>\\n\\","<html lang=\"en\">\\n\\","<head>\\n\\","<meta charset=\"UTF-8\">\\n\\","<meta name=\"viewport\" content=\"width=device-width, initial-scale=1\">\\n\\","<title>{{env.npm_package_name}} (v{{env.npm_package_version}})</title>\\n\\","<style>\\n\\","/*csslint\\n\\","    box-sizing: false,\\n\\","    universal-selector: false\\n\\","*/\\n\\","* {\\n\\","    box-sizing: border-box;\\n\\","}\\n\\","body {\\n\\","    background: #dde;\\n\\","    font-family: Arial, Helvetica, sans-serif;\\n\\","    margin: 2rem;\\n\\","}\\n\\","body > * {\\n\\","    margin-bottom: 1rem;\\n\\","}\\n\\",".utility2FooterDiv {\\n\\","    margin-top: 20px;\\n\\","    text-align: center;\\n\\","}\\n\\","</style>\\n\\","<style>\\n\\","/*csslint\\n\\","*/\\n\\","textarea {\\n\\","    font-family: monospace;\\n\\","    height: 10rem;\\n\\","    width: 100%;\\n\\","}\\n\\","textarea[readonly] {\\n\\","    background: #ddd;\\n\\","}\\n\\","</style>\\n\\","</head>\\n\\","<body>\\n\\","<!-- utility2-comment\\n\\","<div id=\"ajaxProgressDiv1\" style=\"background: #d00; height: 2px; left: 0; margin: 0; padding: 0; position: fixed; top: 0; transition: background 0.5s, width 1.5s; width: 25%;\"></div>\\n\\","utility2-comment -->\\n\\","<h1>\\n\\","<!-- utility2-comment\\n\\","    <a\\n\\","        {{#if env.npm_package_homepage}}\\n\\","        href=\"{{env.npm_package_homepage}}\"\\n\\","        {{/if env.npm_package_homepage}}\\n\\","        target=\"_blank\"\\n\\","    >\\n\\","utility2-comment -->\\n\\","        {{env.npm_package_name}} (v{{env.npm_package_version}})\\n\\","<!-- utility2-comment\\n\\","    </a>\\n\\","utility2-comment -->\\n\\","</h1>\\n\\","<h3>{{env.npm_package_description}}</h3>\\n\\","<!-- utility2-comment\\n\\","<h4><a download href=\"assets.app.js\">download standalone app</a></h4>\\n\\","<button class=\"onclick onreset\" id=\"testRunButton1\">run internal test</button><br>\\n\\","<div id=\"testReportDiv1\" style=\"display: none;\"></div>\\n\\","utility2-comment -->\\n\\","\\n\\","\\n\\","\\n\\","<label>stderr and stdout</label>\\n\\","<textarea class=\"resettable\" id=\"outputTextareaStdout1\" readonly></textarea>\\n\\","<!-- utility2-comment\\n\\","{{#if isRollup}}\\n\\","<script src=\"assets.app.js\"></script>\\n\\","{{#unless isRollup}}\\n\\","utility2-comment -->\\n\\","<script src=\"assets.utility2.rollup.js\"></script>\\n\\","<script src=\"jsonp.utility2._stateInit?callback=window.utility2._stateInit\"></script>\\n\\","<script src=\"assets.npmtest_electron_sudo.rollup.js\"></script>\\n\\","<script src=\"assets.example.js\"></script>\\n\\","<script src=\"assets.test.js\"></script>\\n\\","<!-- utility2-comment\\n\\","{{/if isRollup}}\\n\\","utility2-comment -->\\n\\","<div class=\"utility2FooterDiv\">\\n\\","    [ this app was created with\\n\\","    <a href=\"https://github.com/kaizhu256/node-utility2\" target=\"_blank\">utility2</a>\\n\\","    ]\\n\\","</div>\\n\\","</body>\\n\\","</html>\\n\\","';","        /* jslint-ignore-end */","        if (local.templateRender) {","            local.assetsDict['/'] = local.templateRender(","                local.assetsDict['/assets.index.template.html'],","                {","                    env: local.objectSetDefault(local.env, {","                        npm_package_description: 'the greatest app in the world!',","                        npm_package_name: 'my-app',","                        npm_package_nameAlias: 'my_app',","                        npm_package_version: '0.0.1'","                    })","                }","            );","        } else {","            local.assetsDict['/'] = local.assetsDict['/assets.index.template.html']","                .replace((/\\{\\{env\\.(\\w+?)\\}\\}/g), function (match0, match1) {","                    // jslint-hack","                    String(match0);","                    switch (match1) {","                    case 'npm_package_description':","                        return 'the greatest app in the world!';","                    case 'npm_package_name':","                        return 'my-app';","                    case 'npm_package_nameAlias':","                        return 'my_app';","                    case 'npm_package_version':","                        return '0.0.1';","                    }","                });","        }","        // run the cli","        if (local.global.utility2_rollup || module !== require.main) {","            break;","        }","        local.assetsDict['/assets.example.js'] =","            local.assetsDict['/assets.example.js'] ||","            local.fs.readFileSync(__filename, 'utf8');","        // bug-workaround - long $npm_package_buildCustomOrg","        /* jslint-ignore-begin */","        local.assetsDict['/assets.npmtest_electron_sudo.rollup.js'] =","            local.assetsDict['/assets.npmtest_electron_sudo.rollup.js'] ||","            local.fs.readFileSync(","                local.npmtest_electron_sudo.__dirname + '/lib.npmtest_electron_sudo.js',","                'utf8'","            ).replace((/^#!/), '//');","        /* jslint-ignore-end */","        local.assetsDict['/favicon.ico'] = local.assetsDict['/favicon.ico'] || '';","        // if $npm_config_timeout_exit exists,","        // then exit this process after $npm_config_timeout_exit ms","        if (Number(process.env.npm_config_timeout_exit)) {","            setTimeout(process.exit, Number(process.env.npm_config_timeout_exit));","        }","        // start server","        if (local.global.utility2_serverHttp1) {","            break;","        }","        process.env.PORT = process.env.PORT || '8081';","        console.error('server starting on port ' + process.env.PORT);","        local.http.createServer(function (request, response) {","            request.urlParsed = local.url.parse(request.url);","            if (local.assetsDict[request.urlParsed.pathname] !== undefined) {","                response.end(local.assetsDict[request.urlParsed.pathname]);","                return;","            }","            response.statusCode = 404;","            response.end();","        }).listen(process.env.PORT);","        break;","    }","}());",""],"l":{"26":2,"28":2,"33":2,"35":2,"37":2,"38":2,"39":2,"44":1,"51":2,"55":2,"59":2,"61":2,"69":1,"70":2,"76":2,"79":2,"82":2,"83":2,"85":1,"89":2,"92":1,"93":1,"94":1,"96":1,"97":1,"100":1,"101":1,"103":1,"106":1,"108":2,"114":1,"116":1,"118":1,"123":1,"124":2,"125":2,"126":3,"127":3,"128":3,"129":3,"130":1,"133":3,"134":3,"139":3,"143":1,"144":3,"145":1,"149":1,"150":1,"158":1,"160":1,"161":1,"162":1,"164":1,"166":1,"258":1,"259":1,"271":1,"274":6,"275":6,"277":1,"279":2,"281":1,"283":2,"288":1,"289":1,"291":1,"296":1,"303":1,"306":1,"307":1,"310":1,"311":1,"313":1,"314":1,"315":1,"316":1,"317":1,"318":1,"319":1,"321":1,"322":1,"324":1}},"/home/travis/build/npmtest/node-npmtest-electron-sudo/node_modules/electron-sudo/dist/index.js":{"path":"/home/travis/build/npmtest/node-npmtest-electron-sudo/node_modules/electron-sudo/dist/index.js","s":{"1":1,"2":1,"3":1,"4":1,"5":293,"6":170,"7":123,"8":123,"9":1,"10":1,"11":1,"12":1,"13":1,"14":1,"15":38,"16":1,"17":1,"18":1,"19":1,"20":15,"21":15,"22":15,"23":26,"24":2,"25":0,"26":0,"27":0,"28":0,"29":0,"30":0,"31":0,"32":2,"33":1,"34":1,"35":1,"36":0,"37":0,"38":0,"39":0,"40":0,"41":0,"42":1,"43":1,"44":0,"45":0,"46":0,"47":1,"48":1,"49":1,"50":1,"51":1,"52":8,"53":1,"54":1,"55":1,"56":0,"57":1,"58":1,"59":0,"60":1,"61":1,"62":3,"63":0,"64":3,"65":0,"66":0,"67":0,"68":0,"69":0,"70":0,"71":3,"72":0,"73":1,"74":6,"75":6,"76":0,"77":1,"78":1,"79":1,"80":1,"81":3,"82":1,"83":1,"84":1,"85":0,"86":1,"87":3,"88":1,"89":1,"90":1,"91":1,"92":8,"93":1,"94":1,"95":0,"96":1,"97":1,"98":2,"99":1,"100":2,"101":1,"102":1,"103":1,"104":0,"105":1,"106":0,"107":0,"108":1,"109":3,"110":0,"111":3,"112":1,"113":0,"114":0,"115":0,"116":1,"117":1,"118":0,"119":1,"120":1,"121":0,"122":0,"123":0,"124":0,"125":1,"126":0,"127":0,"128":1,"129":1,"130":1,"131":3,"132":1,"133":1,"134":5,"135":1,"136":1,"137":0,"138":1,"139":1,"140":0,"141":1,"142":1,"143":0,"144":0,"145":0,"146":0,"147":0,"148":0,"149":0,"150":0,"151":0,"152":0,"153":1,"154":1,"155":14,"156":14,"157":1,"158":1,"159":1,"160":0,"161":0,"162":0,"163":1,"164":1,"165":1,"166":1,"167":1,"168":1,"169":1,"170":0,"171":0,"172":0,"173":0,"174":0,"175":1,"176":1,"177":1,"178":1,"179":1,"180":1,"181":1,"182":1,"183":1,"184":1,"185":0,"186":0,"187":1,"188":1,"189":0,"190":1,"191":1,"192":0,"193":1,"194":1,"195":0,"196":0,"197":0,"198":0,"199":1,"200":0,"201":1,"202":2,"203":2,"204":2,"205":2,"206":0,"207":0,"208":0,"209":0,"210":0,"211":0,"212":0,"213":2,"214":0,"215":1,"216":0,"217":0,"218":1,"219":2,"220":1,"221":1,"222":1,"223":1,"224":1,"225":1,"226":1,"227":2,"228":0,"229":2,"230":2,"231":2,"232":2,"233":2,"234":2,"235":2,"236":1,"237":1,"238":0,"239":0,"240":0,"241":0,"242":0,"243":1,"244":1,"245":0,"246":1,"247":1,"248":0,"249":1,"250":1,"251":0,"252":0,"253":0,"254":0,"255":0,"256":0,"257":1,"258":1,"259":0,"260":0,"261":0,"262":0,"263":0,"264":1,"265":0,"266":0,"267":0,"268":0,"269":0,"270":0,"271":0,"272":0,"273":0,"274":0,"275":1,"276":1,"277":0,"278":0,"279":1,"280":1,"281":5,"282":5,"283":1,"284":1,"285":1,"286":1,"287":1,"288":1,"289":1,"290":0,"291":0,"292":1,"293":0,"294":1,"295":10,"296":1,"297":1,"298":1,"299":0,"300":1,"301":0,"302":0,"303":0,"304":0,"305":0,"306":0,"307":0,"308":0,"309":0,"310":1,"311":0,"312":0,"313":0,"314":0,"315":1,"316":1,"317":0,"318":1,"319":0,"320":0,"321":0,"322":0,"323":0,"324":0,"325":0,"326":0,"327":0,"328":0,"329":0,"330":0,"331":0,"332":0,"333":0,"334":0,"335":0,"336":0,"337":1,"338":1,"339":0,"340":1,"341":0,"342":0,"343":0,"344":0,"345":0,"346":0,"347":0,"348":0,"349":0,"350":0,"351":0,"352":0,"353":0,"354":0,"355":0,"356":0,"357":0,"358":0,"359":0,"360":0,"361":0,"362":0,"363":1,"364":1,"365":0,"366":1,"367":0,"368":0,"369":0,"370":0,"371":0,"372":1,"373":1,"374":0,"375":0,"376":0,"377":0,"378":0,"379":0,"380":0,"381":0,"382":1,"383":0,"384":0,"385":0,"386":0,"387":0,"388":0,"389":1,"390":0,"391":1,"392":0,"393":0,"394":0,"395":0,"396":0,"397":0,"398":0,"399":0,"400":0,"401":0,"402":0,"403":0,"404":0,"405":0,"406":0,"407":0,"408":0,"409":0,"410":0,"411":0,"412":0,"413":0,"414":0,"415":1,"416":1,"417":0,"418":1,"419":0,"420":0,"421":0,"422":0,"423":0,"424":0,"425":0,"426":0,"427":0,"428":0,"429":0,"430":0,"431":0,"432":0,"433":0,"434":0,"435":0,"436":0,"437":0,"438":0,"439":0,"440":0,"441":0,"442":0,"443":0,"444":1,"445":1,"446":0,"447":1,"448":0,"449":0,"450":0,"451":0,"452":0,"453":0,"454":0,"455":0,"456":0,"457":0,"458":0,"459":0,"460":0,"461":0,"462":0,"463":0,"464":0,"465":0,"466":0,"467":0,"468":0,"469":0,"470":0,"471":0,"472":0,"473":0,"474":0,"475":0,"476":0,"477":0,"478":0,"479":0,"480":0,"481":0,"482":0,"483":0,"484":0,"485":0,"486":0,"487":1,"488":1,"489":0,"490":1,"491":0,"492":0,"493":0,"494":0,"495":0,"496":0,"497":0,"498":0,"499":0,"500":0,"501":0,"502":0,"503":0,"504":0,"505":0,"506":0,"507":0,"508":0,"509":0,"510":0,"511":1,"512":1,"513":0,"514":1,"515":0,"516":0,"517":0,"518":0,"519":0,"520":0,"521":0,"522":0,"523":0,"524":0,"525":0,"526":0,"527":0,"528":0,"529":0,"530":0,"531":0,"532":1,"533":1,"534":0,"535":1,"536":0,"537":0,"538":0,"539":0,"540":0,"541":0,"542":0,"543":0,"544":0,"545":0,"546":0,"547":0,"548":0,"549":0,"550":0,"551":0,"552":0,"553":0,"554":0,"555":0,"556":0,"557":1,"558":1,"559":0,"560":1,"561":0,"562":0,"563":0,"564":0,"565":0,"566":0,"567":0,"568":0,"569":0,"570":0,"571":0,"572":0,"573":0,"574":0,"575":0,"576":0,"577":0,"578":0,"579":0,"580":0,"581":1,"582":1,"583":0,"584":0,"585":0,"586":0,"587":1,"588":1,"589":0,"590":1,"591":0,"592":0,"593":0,"594":0,"595":0,"596":0,"597":0,"598":0,"599":0,"600":0,"601":0,"602":0,"603":0,"604":0,"605":0,"606":0,"607":0,"608":0,"609":1,"610":1,"611":0,"612":1,"613":0,"614":0,"615":0,"616":0,"617":0,"618":0,"619":0,"620":0,"621":0,"622":0,"623":0,"624":0,"625":0,"626":0,"627":0,"628":0,"629":0,"630":0,"631":0,"632":0,"633":0,"634":0,"635":1,"636":1,"637":0,"638":1,"639":0,"640":0,"641":0,"642":0,"643":0,"644":0,"645":0,"646":0,"647":0,"648":0,"649":0,"650":0,"651":0,"652":0,"653":0,"654":0,"655":0,"656":0,"657":0,"658":0,"659":0,"660":1,"661":1,"662":0,"663":0,"664":0,"665":0,"666":1,"667":1,"668":0,"669":1,"670":0,"671":0,"672":0,"673":0,"674":0,"675":0,"676":0,"677":0,"678":0,"679":1,"680":1,"681":0,"682":1,"683":0,"684":0,"685":0,"686":0,"687":0,"688":0,"689":0,"690":0,"691":0,"692":0,"693":0,"694":0,"695":1,"696":1,"697":0,"698":1,"699":0,"700":0,"701":0,"702":0,"703":0,"704":0,"705":0,"706":0,"707":0,"708":0,"709":0,"710":0,"711":0,"712":0,"713":0,"714":0,"715":0,"716":0,"717":0,"718":0,"719":0,"720":0,"721":0,"722":0,"723":0,"724":0,"725":0,"726":1,"727":1,"728":0,"729":1,"730":0,"731":0,"732":0,"733":0,"734":0,"735":0,"736":0,"737":0,"738":0,"739":0,"740":0,"741":0,"742":0,"743":0,"744":0,"745":0,"746":0,"747":0,"748":0,"749":1,"750":1,"751":0,"752":1,"753":0,"754":0,"755":0,"756":0,"757":0,"758":0,"759":0,"760":0,"761":0,"762":1,"763":0,"764":1,"765":1,"766":6,"767":1,"768":4,"769":0,"770":0,"771":0,"772":0,"773":1,"774":0,"775":0,"776":0,"777":0,"778":1,"779":0,"780":1,"781":1,"782":1,"783":0,"784":0,"785":0,"786":0,"787":0,"788":0,"789":0,"790":0,"791":1,"792":0,"793":1,"794":0,"795":0,"796":0,"797":0,"798":0,"799":0,"800":0,"801":0,"802":1,"803":0,"804":1,"805":1,"806":1,"807":1,"808":1,"809":1,"810":1,"811":1,"812":1,"813":0,"814":0,"815":1,"816":1,"817":1,"818":1,"819":1,"820":1,"821":5,"822":26,"823":26,"824":1,"825":5,"826":1,"827":1,"828":1,"829":1,"830":1,"831":0,"832":0,"833":0,"834":0,"835":0,"836":1,"837":3,"838":1,"839":1,"840":1,"841":4,"842":0,"843":4,"844":1,"845":1,"846":1,"847":1,"848":1,"849":0,"850":0,"851":0,"852":1,"853":1,"854":1,"855":1,"856":1,"857":4,"858":1,"859":1,"860":1,"861":26,"862":1,"863":1,"864":1,"865":1,"866":1,"867":1,"868":1,"869":0,"870":0,"871":0,"872":1,"873":1,"874":1,"875":0,"876":0,"877":0,"878":0,"879":0,"880":0,"881":0,"882":0,"883":0,"884":1,"885":1,"886":0,"887":1,"888":1,"889":0,"890":0,"891":0,"892":0,"893":0,"894":1,"895":0,"896":0,"897":0,"898":0,"899":0,"900":0,"901":0,"902":0,"903":0,"904":0,"905":0,"906":1,"907":1,"908":0,"909":0,"910":0,"911":0,"912":0,"913":0,"914":0,"915":0,"916":1,"917":1,"918":0,"919":1,"920":1,"921":0,"922":2,"923":1,"924":0,"925":1,"926":1,"927":0,"928":0,"929":0,"930":1,"931":0,"932":1,"933":0,"934":0,"935":0,"936":0,"937":0,"938":0,"939":0,"940":0,"941":0,"942":0,"943":0,"944":0,"945":0,"946":0,"947":0,"948":0,"949":0,"950":0,"951":1,"952":1,"953":1,"954":0,"955":0,"956":0,"957":0,"958":0,"959":0,"960":0,"961":1,"962":1,"963":0,"964":0,"965":0,"966":0,"967":0,"968":0,"969":0,"970":0,"971":0,"972":0,"973":0,"974":1,"975":0,"976":0,"977":1,"978":1,"979":1,"980":1,"981":20,"982":0,"983":0,"984":0,"985":0,"986":1,"987":1,"988":0,"989":0,"990":0,"991":0,"992":1,"993":0,"994":0,"995":0,"996":1,"997":0,"998":1,"999":1,"1000":1,"1001":1,"1002":1,"1003":0,"1004":0,"1005":0,"1006":0,"1007":0,"1008":1,"1009":0,"1010":0,"1011":1,"1012":0,"1013":0,"1014":0,"1015":0,"1016":0,"1017":1,"1018":1,"1019":1,"1020":1,"1021":0,"1022":1,"1023":1,"1024":0,"1025":0,"1026":1,"1027":1,"1028":1,"1029":0,"1030":0,"1031":1,"1032":1,"1033":0,"1034":1,"1035":1,"1036":1,"1037":0,"1038":0,"1039":0,"1040":0,"1041":0,"1042":0,"1043":0,"1044":1,"1045":1,"1046":0,"1047":0,"1048":0,"1049":1,"1050":1,"1051":1,"1052":1,"1053":1,"1054":1,"1055":1,"1056":1,"1057":1,"1058":0,"1059":1,"1060":1,"1061":1,"1062":1,"1063":1,"1064":1,"1065":1,"1066":0,"1067":0,"1068":0,"1069":0,"1070":0,"1071":0,"1072":0,"1073":0,"1074":0,"1075":0,"1076":0,"1077":0,"1078":0,"1079":0,"1080":0,"1081":0,"1082":0,"1083":0,"1084":0,"1085":0,"1086":0,"1087":0,"1088":0,"1089":0,"1090":0,"1091":0,"1092":0,"1093":0,"1094":0,"1095":0,"1096":0,"1097":0,"1098":0,"1099":0,"1100":0,"1101":0,"1102":0,"1103":0,"1104":0,"1105":0,"1106":0,"1107":0,"1108":0,"1109":0,"1110":0,"1111":0,"1112":0,"1113":1,"1114":0,"1115":0,"1116":0,"1117":0,"1118":0,"1119":0,"1120":0,"1121":0,"1122":0,"1123":0,"1124":0,"1125":0,"1126":0,"1127":0,"1128":0,"1129":0,"1130":1,"1131":0,"1132":0,"1133":0,"1134":0,"1135":0,"1136":0,"1137":0,"1138":0,"1139":0,"1140":0,"1141":0,"1142":1,"1143":1,"1144":1,"1145":0,"1146":0,"1147":0,"1148":0,"1149":0,"1150":0,"1151":0,"1152":0,"1153":0,"1154":0,"1155":0,"1156":0,"1157":0,"1158":0,"1159":0,"1160":0,"1161":0,"1162":0,"1163":0,"1164":0,"1165":0,"1166":0,"1167":0,"1168":1,"1169":0,"1170":0,"1171":0,"1172":0,"1173":0,"1174":0,"1175":0,"1176":1,"1177":11,"1178":1,"1179":12,"1180":1,"1181":0,"1182":0,"1183":0,"1184":0,"1185":0,"1186":0,"1187":1,"1188":1,"1189":0,"1190":0,"1191":0,"1192":0,"1193":0,"1194":0,"1195":1,"1196":1,"1197":1,"1198":1,"1199":1,"1200":1,"1201":1},"b":{"1":[1,0],"2":[1,1],"3":[0,0],"4":[0,0],"5":[0,0],"6":[170,123],"7":[1,0],"8":[38,14],"9":[14,14,3],"10":[3,0],"11":[0,1],"12":[1,0],"13":[0,1],"14":[1,0],"15":[1,0],"16":[2,13],"17":[13,3],"18":[2,13],"19":[12,1],"20":[1,0],"21":[15,2],"22":[26,24,24],"23":[26,21,24],"24":[19,5],"25":[0,24],"26":[24,2],"27":[0,24],"28":[24,0],"29":[2,22],"30":[24,2],"31":[0,0],"32":[0,0,0],"33":[3,19],"34":[22,3],"35":[24,3],"36":[3,1],"37":[3,0,0,0],"38":[1,0],"39":[0,0],"40":[0,0],"41":[0,0],"42":[0,0],"43":[0,0],"44":[1,0],"45":[0,3],"46":[0,0,0],"47":[0,1],"48":[1,0],"49":[8,8,2],"50":[4,4],"51":[0,2],"52":[2,0],"53":[2,2],"54":[1,0],"55":[1,1],"56":[0,0],"57":[0,0,0,0],"58":[1,0],"59":[1,1],"60":[0,0],"61":[0,0],"62":[0,0,0,0],"63":[0,0],"64":[0,3],"65":[0,0],"66":[1,0],"67":[0,0],"68":[1,0],"69":[0,0],"70":[0,0],"71":[3,1],"72":[1,1],"73":[5,5],"74":[0,0],"75":[0,0],"76":[0,0],"77":[0,0],"78":[0,0],"79":[0,0,0],"80":[0,0],"81":[0,0],"82":[0,0],"83":[0,0,0],"84":[14,0],"85":[0,0],"86":[0,0],"87":[14,13,13],"88":[0,0],"89":[1,0],"90":[1,1],"91":[0,0],"92":[0,1],"93":[0,1],"94":[0,1],"95":[1,0],"96":[0,0],"97":[0,0],"98":[1,0],"99":[1,0],"100":[1,0],"101":[0,0],"102":[0,0,0],"103":[0,0],"104":[0,0],"105":[1,1],"106":[2,0],"107":[2,2],"108":[0,0],"109":[2,0,0,0],"110":[2,0],"111":[1,1],"112":[1,0],"113":[1,1],"114":[1,0],"115":[1,1],"116":[2,2],"117":[2,2],"118":[2,0,0],"119":[2,1,1,0],"120":[2,2,0,0,0,0],"121":[0,1],"122":[1,0],"123":[0,1],"124":[0,0],"125":[1,1],"126":[0,2],"127":[2,2],"128":[1,0],"129":[0,0],"130":[0,0],"131":[1,0],"132":[1,0],"133":[0,0],"134":[0,0],"135":[0,0],"136":[0,0],"137":[0,0,0],"138":[0,0,0],"139":[0,0],"140":[1,1,0],"141":[0,0],"142":[0,0],"143":[0,0],"144":[0,0],"145":[0,0,0],"146":[0,0],"147":[0,0],"148":[0,0,0],"149":[5,0],"150":[5,0,0],"151":[0,0,1,0],"152":[9,1],"153":[10,10],"154":[0,0],"155":[0,0],"156":[0,0],"157":[0,0],"158":[0,0],"159":[0,0],"160":[0,0],"161":[0,0],"162":[0,0],"163":[0,0,0],"164":[0,0,0,0,0],"165":[0,0,0],"166":[0,0,0,0,0,0],"167":[0,0],"168":[0,0,0],"169":[0,0],"170":[0,0],"171":[0,0],"172":[0,0],"173":[0,0],"174":[0,0],"175":[0,0],"176":[0,0,0],"177":[0,0],"178":[0,0],"179":[0,0],"180":[0,0],"181":[0,0],"182":[0,0,0],"183":[0,0,0,0,0,0,0,0,0],"184":[0,0],"185":[0,0],"186":[0,0,0],"187":[0,0,0,0,0],"188":[0,0,0],"189":[0,0,0],"190":[0,0,0,0,0,0,0,0,0,0,0,0,0,0,0,0],"191":[0,0],"192":[0,0],"193":[0,0],"194":[0,0,0],"195":[0,0,0,0,0],"196":[0,0],"197":[0,0,0],"198":[0,0,0,0,0],"199":[0,0,0],"200":[0,0,0,0,0,0],"201":[0,0],"202":[0,0],"203":[0,0,0],"204":[0,0,0,0,0],"205":[0,0],"206":[0,0],"207":[0,0],"208":[0,0],"209":[0,0,0,0],"210":[0,0,0,0,0],"211":[0,0],"212":[0,0],"213":[0,0,0],"214":[0,0,0,0,0,0,0],"215":[0,0],"216":[0,0,0],"217":[0,0],"218":[0,0],"219":[0,0],"220":[0,0],"221":[0,0,0],"222":[0,0,0,0,0,0],"223":[0,0],"224":[0,0,0],"225":[0,0],"226":[0,0],"227":[0,0],"228":[0,0],"229":[0,0],"230":[0,0,0,0,0,0],"231":[0,0],"232":[0,0],"233":[0,0],"234":[0,0,0,0],"235":[0,0],"236":[0,0,0],"237":[0,0,0,0,0,0],"238":[0,0],"239":[0,0],"240":[0,0],"241":[0,0],"242":[0,0,0],"243":[0,0,0,0,0,0,0,0],"244":[0,0],"245":[0,0],"246":[0,0,0,0,0,0],"247":[3,3],"248":[6,6],"249":[0,0],"250":[0,0],"251":[0,0],"252":[0,0],"253":[0,0],"254":[0,0],"255":[0,0],"256":[0,0,0],"257":[0,0],"258":[0,0,0,0,0],"259":[0,0],"260":[1,0],"261":[1,1],"262":[26,26],"263":[26,26],"264":[5,5],"265":[5,0],"266":[1,0],"267":[1,1],"268":[1,0],"269":[0,0],"270":[3,0],"271":[3,3],"272":[0,4],"273":[4,0],"274":[0,0],"275":[4,4],"276":[4,4],"277":[4,0],"278":[1,0],"279":[1,1],"280":[0,0],"281":[0,0],"282":[0,0,0],"283":[0,0],"284":[0,0],"285":[0,0,0],"286":[0,0],"287":[0,0],"288":[0,0],"289":[0,0],"290":[0,0,0],"291":[0,0,0],"292":[0,0],"293":[0,0],"294":[0,0],"295":[0,0],"296":[0,0],"297":[0,0],"298":[0,0],"299":[0,0],"300":[0,0],"301":[0,0],"302":[0,0],"303":[0,0],"304":[0,0],"305":[0,0,0,0,0],"306":[0,0],"307":[0,0],"308":[0,0],"309":[0,0],"310":[0,0],"311":[1,0],"312":[0,0],"313":[1,0],"314":[0,0],"315":[0,0],"316":[0,0],"317":[0,0],"318":[0,0],"319":[0,0],"320":[0,0],"321":[0,0],"322":[0,0],"323":[0,0,0,0,0],"324":[1,1],"325":[0,0],"326":[0,0],"327":[1,0],"328":[0,0],"329":[0,0],"330":[0,0],"331":[0,0],"332":[0,0],"333":[0,1],"334":[1,1],"335":[1,1],"336":[0,0],"337":[1,0],"338":[0,1],"339":[1,0,0],"340":[0,0],"341":[0,0],"342":[1,1],"343":[1,0],"344":[0,0],"345":[0,0],"346":[0,0],"347":[0,0],"348":[1,0],"349":[0,0],"350":[0,0],"351":[1,0],"352":[1,1,1,1],"353":[0,0],"354":[0,0],"355":[0,0],"356":[0,0],"357":[0,0],"358":[0,0],"359":[0,0,0,0,0],"360":[0,0],"361":[0,0],"362":[0,0],"363":[0,0],"364":[0,0],"365":[0,0],"366":[0,0],"367":[0,0],"368":[0,0,0],"369":[0,0],"370":[0,0],"371":[0,0],"372":[0,0],"373":[0,0],"374":[0,0],"375":[1,0,1],"376":[0,0,0],"377":[0,0],"378":[0,0],"379":[0,0],"380":[0,0],"381":[0,0],"382":[0,0],"383":[0,0,0],"384":[0,0],"385":[0,0],"386":[0,0],"387":[0,0],"388":[0,0,0],"389":[0,0],"390":[0,0],"391":[0,0],"392":[0,0],"393":[0,0],"394":[0,0],"395":[0,0],"396":[0,0],"397":[0,0],"398":[0,0],"399":[0,0],"400":[0,0],"401":[0,0],"402":[0,0],"403":[1,0],"404":[0,0],"405":[0,0],"406":[0,0],"407":[0,0],"408":[0,0],"409":[1,0],"410":[0,0],"411":[0,0],"412":[1,1],"413":[0,0],"414":[0,0],"415":[0,0],"416":[0,0],"417":[0,0],"418":[1,1],"419":[1,0,0],"420":[0,1],"421":[1,1],"422":[0,0],"423":[0,0,0],"424":[1,0],"425":[1,1],"426":[0,0],"427":[0,0],"428":[0,0],"429":[0,0,0],"430":[0,0],"431":[0,0],"432":[0,0,0],"433":[0,0,0],"434":[0,0,0,0,0],"435":[0,0],"436":[0,0,0],"437":[0,0,0,0,0],"438":[0,0,0,0],"439":[0,0,0,0],"440":[1,0],"441":[0,0],"442":[0,0],"443":[0,0],"444":[0,0,0],"445":[0,0,0],"446":[0,0,0],"447":[0,0],"448":[0,0],"449":[1,1],"450":[1,1],"451":[1,1,1],"452":[0,0],"453":[0,0],"454":[0,0],"455":[0,0,0],"456":[0,0],"457":[0,0],"458":[1,0]},"f":{"1":1,"2":1,"3":1,"4":293,"5":1,"6":1,"7":1,"8":38,"9":1,"10":1,"11":15,"12":2,"13":0,"14":1,"15":0,"16":1,"17":0,"18":1,"19":1,"20":1,"21":1,"22":8,"23":1,"24":1,"25":0,"26":1,"27":0,"28":1,"29":3,"30":0,"31":0,"32":0,"33":0,"34":1,"35":6,"36":1,"37":1,"38":1,"39":3,"40":1,"41":1,"42":0,"43":1,"44":3,"45":1,"46":1,"47":1,"48":8,"49":1,"50":0,"51":1,"52":2,"53":1,"54":2,"55":1,"56":0,"57":0,"58":0,"59":1,"60":3,"61":1,"62":0,"63":1,"64":0,"65":1,"66":1,"67":0,"68":0,"69":0,"70":1,"71":1,"72":3,"73":1,"74":5,"75":1,"76":0,"77":1,"78":0,"79":1,"80":0,"81":1,"82":14,"83":1,"84":1,"85":0,"86":0,"87":1,"88":1,"89":1,"90":1,"91":0,"92":1,"93":1,"94":1,"95":1,"96":1,"97":1,"98":1,"99":0,"100":0,"101":1,"102":0,"103":1,"104":0,"105":1,"106":0,"107":1,"108":0,"109":2,"110":2,"111":0,"112":0,"113":0,"114":0,"115":1,"116":1,"117":1,"118":2,"119":2,"120":2,"121":1,"122":0,"123":1,"124":0,"125":1,"126":0,"127":1,"128":0,"129":1,"130":1,"131":0,"132":0,"133":0,"134":0,"135":0,"136":0,"137":0,"138":0,"139":0,"140":0,"141":1,"142":0,"143":1,"144":1,"145":1,"146":1,"147":1,"148":1,"149":1,"150":10,"151":1,"152":0,"153":0,"154":0,"155":0,"156":0,"157":0,"158":1,"159":0,"160":1,"161":0,"162":0,"163":0,"164":0,"165":0,"166":0,"167":0,"168":1,"169":0,"170":0,"171":0,"172":0,"173":0,"174":0,"175":0,"176":1,"177":0,"178":0,"179":0,"180":1,"181":0,"182":0,"183":0,"184":1,"185":0,"186":0,"187":0,"188":0,"189":0,"190":0,"191":0,"192":1,"193":0,"194":0,"195":0,"196":0,"197":0,"198":0,"199":0,"200":0,"201":0,"202":0,"203":0,"204":1,"205":0,"206":0,"207":0,"208":0,"209":0,"210":0,"211":0,"212":1,"213":0,"214":0,"215":0,"216":0,"217":0,"218":0,"219":0,"220":1,"221":0,"222":0,"223":0,"224":0,"225":0,"226":0,"227":0,"228":1,"229":0,"230":0,"231":0,"232":0,"233":0,"234":0,"235":0,"236":1,"237":0,"238":0,"239":0,"240":0,"241":0,"242":0,"243":0,"244":1,"245":0,"246":1,"247":0,"248":0,"249":0,"250":0,"251":0,"252":0,"253":0,"254":0,"255":1,"256":0,"257":0,"258":0,"259":0,"260":0,"261":0,"262":0,"263":1,"264":0,"265":0,"266":0,"267":0,"268":0,"269":0,"270":0,"271":1,"272":0,"273":1,"274":0,"275":0,"276":0,"277":1,"278":0,"279":0,"280":0,"281":0,"282":0,"283":0,"284":0,"285":1,"286":0,"287":0,"288":0,"289":0,"290":0,"291":0,"292":0,"293":0,"294":0,"295":1,"296":0,"297":0,"298":0,"299":0,"300":0,"301":0,"302":0,"303":1,"304":0,"305":0,"306":0,"307":0,"308":1,"309":6,"310":4,"311":0,"312":0,"313":0,"314":0,"315":0,"316":0,"317":0,"318":1,"319":0,"320":0,"321":0,"322":0,"323":0,"324":1,"325":0,"326":0,"327":0,"328":1,"329":1,"330":1,"331":1,"332":1,"333":1,"334":1,"335":1,"336":0,"337":1,"338":1,"339":1,"340":5,"341":5,"342":1,"343":1,"344":0,"345":1,"346":3,"347":4,"348":1,"349":1,"350":0,"351":1,"352":1,"353":1,"354":4,"355":1,"356":26,"357":1,"358":1,"359":1,"360":1,"361":1,"362":1,"363":3,"364":1,"365":0,"366":1,"367":1,"368":0,"369":1,"370":0,"371":1,"372":0,"373":1,"374":0,"375":0,"376":1,"377":0,"378":1,"379":0,"380":1,"381":0,"382":2,"383":1,"384":0,"385":1,"386":0,"387":1,"388":0,"389":1,"390":0,"391":0,"392":0,"393":0,"394":1,"395":1,"396":0,"397":0,"398":0,"399":0,"400":0,"401":0,"402":1,"403":1,"404":20,"405":0,"406":1,"407":0,"408":1,"409":0,"410":0,"411":1,"412":1,"413":1,"414":0,"415":0,"416":1,"417":0,"418":0,"419":0,"420":1,"421":1,"422":0,"423":1,"424":0,"425":1,"426":1,"427":0,"428":1,"429":0,"430":1,"431":1,"432":0,"433":1,"434":0,"435":0,"436":1,"437":1,"438":1,"439":1,"440":1,"441":0,"442":1,"443":1,"444":2,"445":1,"446":1,"447":0,"448":0,"449":0,"450":0,"451":0,"452":0,"453":0,"454":0,"455":0,"456":0,"457":0,"458":0,"459":0,"460":0,"461":0,"462":0,"463":0,"464":0,"465":0,"466":0,"467":0,"468":0,"469":0,"470":0,"471":1,"472":0,"473":0,"474":0,"475":0,"476":0,"477":0,"478":0,"479":1,"480":1,"481":1,"482":0,"483":0,"484":0,"485":0,"486":0,"487":0,"488":0,"489":0,"490":0,"491":0,"492":0,"493":0,"494":0,"495":0,"496":0,"497":0,"498":0,"499":0,"500":0,"501":1,"502":0,"503":0,"504":1,"505":1,"506":1,"507":1,"508":1,"509":1,"510":1},"fnMap":{"1":{"name":"(anonymous_1)","line":1,"loc":{"start":{"line":1,"column":1},"end":{"line":1,"column":14}}},"2":{"name":"(anonymous_2)","line":1,"loc":{"start":{"line":1,"column":643},"end":{"line":1,"column":666}}},"3":{"name":"(anonymous_3)","line":1,"loc":{"start":{"line":1,"column":674},"end":{"line":1,"column":685}}},"4":{"name":"e","line":1,"loc":{"start":{"line":1,"column":686},"end":{"line":1,"column":699}}},"5":{"name":"(anonymous_5)","line":1,"loc":{"start":{"line":1,"column":879},"end":{"line":1,"column":894}}},"6":{"name":"(anonymous_6)","line":1,"loc":{"start":{"line":1,"column":912},"end":{"line":1,"column":925}}},"7":{"name":"(anonymous_7)","line":1,"loc":{"start":{"line":1,"column":991},"end":{"line":1,"column":1006}}},"8":{"name":"(anonymous_8)","line":1,"loc":{"start":{"line":1,"column":1083},"end":{"line":1,"column":1094}}},"9":{"name":"(anonymous_9)","line":1,"loc":{"start":{"line":1,"column":1157},"end":{"line":1,"column":1170}}},"10":{"name":"(anonymous_10)","line":1,"loc":{"start":{"line":1,"column":1344},"end":{"line":1,"column":1359}}},"11":{"name":"(anonymous_11)","line":1,"loc":{"start":{"line":1,"column":1409},"end":{"line":1,"column":1424}}},"12":{"name":"(anonymous_12)","line":1,"loc":{"start":{"line":1,"column":1668},"end":{"line":1,"column":1679}}},"13":{"name":"(anonymous_13)","line":1,"loc":{"start":{"line":1,"column":1686},"end":{"line":1,"column":1701}}},"14":{"name":"(anonymous_14)","line":1,"loc":{"start":{"line":1,"column":2069},"end":{"line":1,"column":2084}}},"15":{"name":"(anonymous_15)","line":1,"loc":{"start":{"line":1,"column":2167},"end":{"line":1,"column":2182}}},"16":{"name":"(anonymous_16)","line":1,"loc":{"start":{"line":1,"column":2344},"end":{"line":1,"column":2359}}},"17":{"name":"(anonymous_17)","line":1,"loc":{"start":{"line":1,"column":2382},"end":{"line":1,"column":2393}}},"18":{"name":"(anonymous_18)","line":1,"loc":{"start":{"line":1,"column":2454},"end":{"line":1,"column":2469}}},"19":{"name":"(anonymous_19)","line":1,"loc":{"start":{"line":1,"column":2487},"end":{"line":1,"column":2497}}},"20":{"name":"(anonymous_20)","line":1,"loc":{"start":{"line":1,"column":2542},"end":{"line":1,"column":2552}}},"21":{"name":"(anonymous_21)","line":1,"loc":{"start":{"line":1,"column":2570},"end":{"line":1,"column":2583}}},"22":{"name":"(anonymous_22)","line":1,"loc":{"start":{"line":1,"column":2618},"end":{"line":1,"column":2631}}},"23":{"name":"(anonymous_23)","line":1,"loc":{"start":{"line":1,"column":2653},"end":{"line":1,"column":2668}}},"24":{"name":"(anonymous_24)","line":1,"loc":{"start":{"line":1,"column":2703},"end":{"line":1,"column":2718}}},"25":{"name":"(anonymous_25)","line":1,"loc":{"start":{"line":1,"column":2743},"end":{"line":1,"column":2758}}},"26":{"name":"(anonymous_26)","line":1,"loc":{"start":{"line":1,"column":2777},"end":{"line":1,"column":2792}}},"27":{"name":"(anonymous_27)","line":1,"loc":{"start":{"line":1,"column":2823},"end":{"line":1,"column":2834}}},"28":{"name":"(anonymous_28)","line":1,"loc":{"start":{"line":1,"column":2852},"end":{"line":1,"column":2867}}},"29":{"name":"(anonymous_29)","line":1,"loc":{"start":{"line":1,"column":2890},"end":{"line":1,"column":2905}}},"30":{"name":"(anonymous_30)","line":1,"loc":{"start":{"line":1,"column":2958},"end":{"line":1,"column":2969}}},"31":{"name":"(anonymous_31)","line":1,"loc":{"start":{"line":1,"column":3004},"end":{"line":1,"column":3017}}},"32":{"name":"(anonymous_32)","line":1,"loc":{"start":{"line":1,"column":3054},"end":{"line":1,"column":3069}}},"33":{"name":"(anonymous_33)","line":1,"loc":{"start":{"line":1,"column":3101},"end":{"line":1,"column":3111}}},"34":{"name":"(anonymous_34)","line":1,"loc":{"start":{"line":1,"column":3143},"end":{"line":1,"column":3156}}},"35":{"name":"(anonymous_35)","line":1,"loc":{"start":{"line":1,"column":3167},"end":{"line":1,"column":3178}}},"36":{"name":"(anonymous_36)","line":1,"loc":{"start":{"line":1,"column":3216},"end":{"line":1,"column":3229}}},"37":{"name":"(anonymous_37)","line":1,"loc":{"start":{"line":1,"column":3240},"end":{"line":1,"column":3251}}},"38":{"name":"(anonymous_38)","line":1,"loc":{"start":{"line":1,"column":3309},"end":{"line":1,"column":3322}}},"39":{"name":"(anonymous_39)","line":1,"loc":{"start":{"line":1,"column":3351},"end":{"line":1,"column":3362}}},"40":{"name":"(anonymous_40)","line":1,"loc":{"start":{"line":1,"column":3394},"end":{"line":1,"column":3407}}},"41":{"name":"(anonymous_41)","line":1,"loc":{"start":{"line":1,"column":3422},"end":{"line":1,"column":3437}}},"42":{"name":"(anonymous_42)","line":1,"loc":{"start":{"line":1,"column":3481},"end":{"line":1,"column":3492}}},"43":{"name":"(anonymous_43)","line":1,"loc":{"start":{"line":1,"column":3509},"end":{"line":1,"column":3522}}},"44":{"name":"(anonymous_44)","line":1,"loc":{"start":{"line":1,"column":3533},"end":{"line":1,"column":3546}}},"45":{"name":"(anonymous_45)","line":1,"loc":{"start":{"line":1,"column":3619},"end":{"line":1,"column":3632}}},"46":{"name":"(anonymous_46)","line":1,"loc":{"start":{"line":1,"column":3647},"end":{"line":1,"column":3660}}},"47":{"name":"(anonymous_47)","line":1,"loc":{"start":{"line":1,"column":3690},"end":{"line":1,"column":3705}}},"48":{"name":"(anonymous_48)","line":1,"loc":{"start":{"line":1,"column":3758},"end":{"line":1,"column":3773}}},"49":{"name":"(anonymous_49)","line":1,"loc":{"start":{"line":1,"column":3837},"end":{"line":1,"column":3852}}},"50":{"name":"(anonymous_50)","line":1,"loc":{"start":{"line":1,"column":3875},"end":{"line":1,"column":3886}}},"51":{"name":"(anonymous_51)","line":1,"loc":{"start":{"line":1,"column":3909},"end":{"line":1,"column":3922}}},"52":{"name":"(anonymous_52)","line":1,"loc":{"start":{"line":1,"column":3957},"end":{"line":1,"column":3968}}},"53":{"name":"(anonymous_53)","line":1,"loc":{"start":{"line":1,"column":4037},"end":{"line":1,"column":4052}}},"54":{"name":"r","line":1,"loc":{"start":{"line":1,"column":4066},"end":{"line":1,"column":4079}}},"55":{"name":"(anonymous_55)","line":1,"loc":{"start":{"line":1,"column":4226},"end":{"line":1,"column":4237}}},"56":{"name":"(anonymous_56)","line":1,"loc":{"start":{"line":1,"column":4255},"end":{"line":1,"column":4266}}},"57":{"name":"(anonymous_57)","line":1,"loc":{"start":{"line":1,"column":4441},"end":{"line":1,"column":4452}}},"58":{"name":"(anonymous_58)","line":1,"loc":{"start":{"line":1,"column":4499},"end":{"line":1,"column":4510}}},"59":{"name":"(anonymous_59)","line":1,"loc":{"start":{"line":1,"column":4652},"end":{"line":1,"column":4665}}},"60":{"name":"(anonymous_60)","line":1,"loc":{"start":{"line":1,"column":4676},"end":{"line":1,"column":4687}}},"61":{"name":"(anonymous_61)","line":1,"loc":{"start":{"line":1,"column":4764},"end":{"line":1,"column":4777}}},"62":{"name":"(anonymous_62)","line":1,"loc":{"start":{"line":1,"column":4788},"end":{"line":1,"column":4799}}},"63":{"name":"(anonymous_63)","line":1,"loc":{"start":{"line":1,"column":4868},"end":{"line":1,"column":4883}}},"64":{"name":"(anonymous_64)","line":1,"loc":{"start":{"line":1,"column":4949},"end":{"line":1,"column":4960}}},"65":{"name":"(anonymous_65)","line":1,"loc":{"start":{"line":1,"column":4994},"end":{"line":1,"column":5007}}},"66":{"name":"(anonymous_66)","line":1,"loc":{"start":{"line":1,"column":5126},"end":{"line":1,"column":5141}}},"67":{"name":"(anonymous_67)","line":1,"loc":{"start":{"line":1,"column":5191},"end":{"line":1,"column":5201}}},"68":{"name":"(anonymous_68)","line":1,"loc":{"start":{"line":1,"column":5220},"end":{"line":1,"column":5230}}},"69":{"name":"(anonymous_69)","line":1,"loc":{"start":{"line":1,"column":5514},"end":{"line":1,"column":5527}}},"70":{"name":"(anonymous_70)","line":1,"loc":{"start":{"line":1,"column":5615},"end":{"line":1,"column":5628}}},"71":{"name":"(anonymous_71)","line":1,"loc":{"start":{"line":1,"column":5663},"end":{"line":1,"column":5678}}},"72":{"name":"(anonymous_72)","line":1,"loc":{"start":{"line":1,"column":5717},"end":{"line":1,"column":5728}}},"73":{"name":"(anonymous_73)","line":1,"loc":{"start":{"line":1,"column":5756},"end":{"line":1,"column":5771}}},"74":{"name":"(anonymous_74)","line":1,"loc":{"start":{"line":1,"column":5834},"end":{"line":1,"column":5845}}},"75":{"name":"(anonymous_75)","line":1,"loc":{"start":{"line":1,"column":5871},"end":{"line":1,"column":5884}}},"76":{"name":"(anonymous_76)","line":1,"loc":{"start":{"line":1,"column":5924},"end":{"line":1,"column":5935}}},"77":{"name":"(anonymous_77)","line":1,"loc":{"start":{"line":1,"column":5972},"end":{"line":1,"column":5987}}},"78":{"name":"(anonymous_78)","line":1,"loc":{"start":{"line":1,"column":6021},"end":{"line":1,"column":6032}}},"79":{"name":"(anonymous_79)","line":1,"loc":{"start":{"line":1,"column":6073},"end":{"line":1,"column":6088}}},"80":{"name":"(anonymous_80)","line":1,"loc":{"start":{"line":1,"column":6111},"end":{"line":1,"column":6124}}},"81":{"name":"(anonymous_81)","line":1,"loc":{"start":{"line":1,"column":6404},"end":{"line":1,"column":6419}}},"82":{"name":"(anonymous_82)","line":1,"loc":{"start":{"line":1,"column":6473},"end":{"line":1,"column":6484}}},"83":{"name":"(anonymous_83)","line":1,"loc":{"start":{"line":1,"column":6580},"end":{"line":1,"column":6595}}},"84":{"name":"(anonymous_84)","line":1,"loc":{"start":{"line":1,"column":6606},"end":{"line":1,"column":6621}}},"85":{"name":"(anonymous_85)","line":1,"loc":{"start":{"line":1,"column":6674},"end":{"line":1,"column":6685}}},"86":{"name":"(anonymous_86)","line":1,"loc":{"start":{"line":1,"column":6715},"end":{"line":1,"column":6725}}},"87":{"name":"(anonymous_87)","line":1,"loc":{"start":{"line":1,"column":6844},"end":{"line":1,"column":6859}}},"88":{"name":"(anonymous_88)","line":1,"loc":{"start":{"line":1,"column":6901},"end":{"line":1,"column":6916}}},"89":{"name":"(anonymous_89)","line":1,"loc":{"start":{"line":1,"column":6958},"end":{"line":1,"column":6973}}},"90":{"name":"r","line":1,"loc":{"start":{"line":1,"column":6987},"end":{"line":1,"column":7000}}},"91":{"name":"(anonymous_91)","line":1,"loc":{"start":{"line":1,"column":7083},"end":{"line":1,"column":7094}}},"92":{"name":"(anonymous_92)","line":1,"loc":{"start":{"
[...]
(function(){var t=(0,l.coroutine)(s.default.mark(function t(a,c){return s.default.wrap(function(t){for(;;)switch(t.prev=t.next){case 0:return t.prev=0,t.next=3,o.prepare();case 3:return t.next=5,n.writeBatch(e,[],i);case 5:return r=t.sent,e=n.encloseDoubleQuotes(n.binary)+\" -wait \"+r.batch,t.next=9,(0,M.exec)(e,i);case 9:return t.next=11,(0,M.readFile)(r.output);case 11:return u=t.sent,t.abrupt(\"return\",a(u));case 15:return t.prev=15,t.t0=t.catch(0),t.abrupt(\"return\",c(t.t0));case 18:case\"end\":return t.stop()}},t,o,[[0,15]])}));return function(e,n){return t.apply(this,arguments)}}()));case 2:case\"end\":return t.stop()}},t,this)}));return t}()},{key:\"spawn\",value:function(){function t(t,n,r){return e.apply(this,arguments)}var e=(0,l.coroutine)(s.default.mark(function t(e,n){var r,u,o,i=arguments.length>2&&void 0!==arguments[2]?arguments[2]:{};return s.default.wrap(function(t){for(;;)switch(t.prev=t.next){case 0:return t.next=2,this.writeBatch(e,n,i);case 2:return r=t.sent,u=[],o=void 0,u.push(\"-wait\"),u.push(r.batch),t.next=9,this.prepare();case 9:return o=(0,M.spawn)(this.binary,u,i,{wait:!1}),o.files=r,t.next=13,this.watchOutput(o);case 13:return t.abrupt(\"return\",o);case 14:case\"end\":return t.stop()}},t,this)}));return t}()},{key:\"clean\",value:function(t){(0,S.unwatchFile)(t.files.output),(0,S.unlink)(t.files.batch),(0,S.unlink)(t.files.output)}}]),e}(q);e.SudoerDarwin=I,e.SudoerLinux=B,e.SudoerWin32=R},function(t,e,n){\"use strict\";function r(t){return t&&t.__esModule?t:{default:t}}function u(t){return function(){var e=arguments;return new h.default(function(n,r){t.apply(void 0,Array.prototype.slice.call(e).concat([function(){arguments[0]instanceof Error?r(arguments[0]):n.apply(void 0,(0,d.default)(Array.prototype.slice.call(arguments,1)))}]))})}}function o(t,e){var n=arguments.length>2&&void 0!==arguments[2]?arguments[2]:{},r=_.default.spawn(t,e,(0,c.default)({},n,{shell:!0}));return r.output={stdout:new Buffer(0),stderr:new Buffer(0)},r.stdout.on(\"data\",function(t){r.output.stdout=i(t,r.output.stdout)}),r.stderr.on(\"data\",function(t){r.output.stderr=i(t,r.output.stderr)}),r}function i(t,e){return t instanceof Buffer||(t=new Buffer(t,\"utf8\")),!e instanceof Buffer&&(e=new Buffer(0)),Buffer.concat([e,t])}Object.defineProperty(e,\"__esModule\",{value:!0}),e.open=e.stat=e.mkdir=e.exec=e.spawn=e.writeFile=e.readFile=void 0;var a=n(73),c=r(a),s=n(41),f=r(s),p=n(59),l=n(40),d=r(l),v=n(39),h=r(v),y=function(){var t=(0,p.coroutine)(f.default.mark(function t(e){var n=arguments.length>1&&void 0!==arguments[1]?arguments[1]:{};return f.default.wrap(function(t){for(;;)switch(t.prev=t.next){case 0:return t.abrupt(\"return\",new h.default(function(t,r){_.default.exec(e,n,function(e,n,u){return e?r(e):t({stdout:n,stderr:u","})})}));case 1:case\"end\":return t.stop()}},t,this)}));return function(e,n){return t.apply(this,arguments)}}(),b=function(){var t=(0,p.coroutine)(f.default.mark(function t(e){var n,r;return f.default.wrap(function(t){for(;;)switch(t.prev=t.next){case 0:return n=u(w.default.stat),t.prev=1,t.next=4,n(e);case 4:return r=t.sent,t.abrupt(\"return\",r);case 8:return t.prev=8,t.t0=t.catch(1),t.abrupt(\"return\",null);case 11:case\"end\":return t.stop()}},t,this,[[1,8]])}));return function(e){return t.apply(this,arguments)}}(),x=n(60),w=r(x),m=n(119),_=r(m),g=u(w.default.open),k=u(w.default.mkdir),j=u(w.default.readFile),O=u(w.default.writeFile);e.readFile=j,e.writeFile=O,e.spawn=o,e.exec=y,e.mkdir=k,e.stat=b,e.open=g},function(t,e,n){t.exports={default:n(76),__esModule:!0}},function(t,e,n){t.exports={default:n(78),__esModule:!0}},function(t,e,n){t.exports={default:n(79),__esModule:!0}},function(t,e,n){t.exports={default:n(80),__esModule:!0}},function(t,e,n){t.exports={default:n(81),__esModule:!0}},function(t,e,n){t.exports={default:n(83),__esModule:!0}},function(t,e,n){t.exports={default:n(84),__esModule:!0}},function(t,e){\"use strict\";e.__esModule=!0,e.default=function(t,e){if(!(t instanceof e))throw new TypeError(\"Cannot call a class as a function\")}},function(t,e,n){\"use strict\";function r(t){return t&&t.__esModule?t:{default:t}}e.__esModule=!0;var u=n(66),o=r(u);e.default=function(){function t(t,e){for(var n=0;n<e.length;n++){var r=e[n];r.enumerable=r.enumerable||!1,r.configurable=!0,\"value\"in r&&(r.writable=!0),(0,o.default)(t,r.key,r)}}return function(e,n,r){return n&&t(e.prototype,n),r&&t(e,r),e}}()},function(t,e,n){\"use strict\";function r(t){return t&&t.__esModule?t:{default:t}}e.__esModule=!0;var u=n(38),o=r(u);e.default=o.default||function(t){for(var e=1;e<arguments.length;e++){var n=arguments[e];for(var r in n)Object.prototype.hasOwnProperty.call(n,r)&&(t[r]=n[r])}return t}},function(t,e,n){\"use strict\";function r(t){return t&&t.__esModule?t:{default:t}}e.__esModule=!0;var u=n(68),o=r(u),i=n(65),a=r(i),c=n(23),s=r(c);e.default=function(t,e){if(\"function\"!=typeof e&&null!==e)throw new TypeError(\"Super expression must either be null or a function, not \"+(\"undefined\"==typeof e?\"undefined\":(0,s.default)(e)));t.prototype=(0,a.default)(e&&e.prototype,{constructor:{value:t,enumerable:!1,writable:!0,configurable:!0}}),e&&(o.default?(0,o.default)(t,e):t.__proto__=e)}},function(t,e,n){\"use strict\";function r(t){return t&&t.__esModule?t:{default:t}}e.__esModule=!0;var u=n(23),o=r(u);e.default=function(t,e){if(!t)throw new ReferenceError(\"this hasn't been initialised - super() hasn't been called\");return!e||\"object\"!==(\"undefined\"==typeof e?\"undefined\":(0,o.default)(e))&&\"function\"!=typeof e?t:e}},function(t,e,n){n(37),n(108),t.exports=n(1).Array.from},function(t,e,n){n(110),t.exports=n(1).Object.assign},function(t,e,n){n(111);var r=n(1).Object;t.exports=function(t,e){return r.create(t,e)}},function(t,e,n){n(112);var r=n(1).Object;t.exports=function(t,e,n){return r.defineProperty(t,e,n)}},function(t,e,n){n(113),t.exports=n(1).Object.getPrototypeOf},function(t,e,n){n(114),t.exports=n(1).Object.setPrototypeOf},function(t,e,n){n(57),n(37),n(58),n(115),t.exports=n(1).Promise},function(t,e,n){n(116),n(57),n(117),n(118),t.exports=n(1).Symbol},function(t,e,n){n(37),n(58),t.exports=n(36).f(\"iterator\")},function(t,e){t.exports=function(){}},function(t,e){t.exports=function(t,e,n,r){if(!(t instanceof e)||void 0!==r&&r in t)throw TypeError(n+\": incorrect invocation!\");return t}},function(t,e,n){var r=n(10),u=n(33),o=n(107);t.exports=function(t){return function(e,n,i){var a,c=r(e),s=u(c.length),f=o(i,s);if(t&&n!=n){for(;s>f;)if(a=c[f++],a!=a)return!0}else for(;s>f;f++)if((t||f in c)&&c[f]===n)return t||f||0;return!t&&-1}}},function(t,e,n){\"use strict\";var r=n(5),u=n(17);t.exports=function(t,e,n){e in t?r.f(t,e,u(0,n)):t[e]=n}},function(t,e,n){var r=n(16),u=n(29),o=n(19);t.exports=function(t){var e=r(t),n=u.f;if(n)for(var i,a=n(t),c=o.f,s=0;a.length>s;)c.call(t,i=a[s++])&&e.push(i);return e}},function(t,e,n){var r=n(11),u=n(47),o=n(46),i=n(6),a=n(33),c=n(56),s={},f={},e=t.exports=function(t,e,n,p,l){var d,v,h,y,b=l?function(){return t}:c(t),x=r(n,p,e?2:1),w=0;if(\"function\"!=typeof b)throw TypeError(t+\" is not iterable!\");if(o(b)){for(d=a(t.length);d>w;w++)if(y=e?x(i(v=t[w])[0],v[1]):x(t[w]),y===s||y===f)return y}else for(h=b.call(t);!(v=h.next()).done;)if(y=u(h,x,v.value,e),y===s||y===f)return y};e.BREAK=s,e.RETURN=f},function(t,e){t.exports=function(t,e,n){var r=void 0===n;switch(e.length){case 0:return r?t():t.call(n);case 1:return r?t(e[0]):t.call(n,e[0]);case 2:return r?t(e[0],e[1]):t.call(n,e[0],e[1]);case 3:return r?t(e[0],e[1],e[2]):t.call(n,e[0],e[1],e[2]);case 4:return r?t(e[0],e[1],e[2],e[3]):t.call(n,e[0],e[1],e[2],e[3])}return t.apply(n,e)}},function(t,e,n){var r=n(14);t.exports=Array.isArray||function(t){return\"Array\"==r(t)}},function(t,e,n){\"use strict\";var r=n(28),u=n(17),o=n(20),i={};n(9)(i,n(2)(\"iterator\"),function(){return this}),t.exports=function(t,e,n){t.prototype=r(i,{next:u(1,n)}),o(t,e+\" Iterator\")}},function(t,e){t.exports=function(t,e){return{value:e,done:!!t}}},function(t,e,n){var r=n(16),u=n(10);t.exports=function(t,e){for(var n,o=u(t),i=r(o),a=i.length,c=0;a>c;)if(o[n=i[c++]]===e)return n}},function(t,e,n){var r=n(22)(\"meta\"),u=n(13),o=n(8),i=n(5).f,a=0,c=Object.isExtensible||function(){return!0},s=!n(12)(function(){return c(Object.preventExtensions({}))}),f=function(t){i(t,r,{value:{i:\"O\"+ ++a,w:{}}})},p=function(t,e){if(!u(t))return\"symbol\"==typeof t?t:(\"string\"==typeof t?\"S\":\"P\")+t;if(!o(t,r)){if(!c(t))return\"F\";if(!e)return\"E\";f(t)}return t[r].i},l=function(t,e){if(!o(t,r)){if(!c(t))return!0;if(!e)return!1;f(t)}return t[r].w},d=function(t){return s&&v.NEED&&c(t)&&!o(t,r)&&f(t),t},v=t.exports={KEY:r,NEED:!1,fastKey:p,getWeak:l,onFreeze:d}},function(t,e,n){var r=n(3),u=n(55).set,o=r.MutationObserver||r.WebKitMutationObserver,i=r.process,a=r.Promise,c=\"process\"==n(14)(i);t.exports=function(){var t,e,n,s=function(){var r,u;for(c&&(r=i.domain)&&r.exit();t;){u=t.fn,t=t.next;try{u()}catch(r){throw t?n():e=void 0,r}}e=void 0,r&&r.enter()};if(c)n=function(){i.nextTick(s)};else if(o){var f=!0,p=document.createTextNode(\"\");new o(s).observe(p,{characterData:!0}),n=function(){p.data=f=!f}}else if(a&&a.resolve){var l=a.resolve();n=function(){l.then(s)}}else n=function(){u.call(r,s)};return function(r){var u={fn:r,next:void 0};e&&(e.next=u),t||(t=u,n()),e=u}}},function(t,e,n){\"use strict\";var r=n(16),u=n(29),o=n(19),i=n(21),a=n(45),c=Object.assign;t.exports=!c||n(12)(function(){var t={},e={},n=Symbol(),r=\"abcdefghijklmnopqrst\";return t[n]=7,r.split(\"\").forEach(function(t){e[t]=t}),7!=c({},t)[n]||Object.keys(c({},e)).join(\"\")!=r})?function(t,e){for(var n=i(t),c=arguments.length,s=1,f=u.f,p=o.f;c>s;)for(var l,d=a(arguments[s++]),v=f?r(d).concat(f(d)):r(d),h=v.length,y=0;h>y;)p.call(d,l=v[y++])&&(n[l]=d[l]);return n}:c},function(t,e,n){var r=n(5),u=n(6),o=n(16);t.exports=n(7)?Object.defineProperties:function(t,e){u(t);for(var n,i=o(e),a=i.length,c=0;a>c;)r.f(t,n=i[c++],e[n]);return t}},function(t,e,n){var r=n(10),u=n(51).f,o={}.toString,i=\"object\"==typeof window&&window&&Object.getOwnPropertyNames?Object.getOwnPropertyNames(window):[],a=function(t){try{return u(t)}catch(t){return i.slice()}};t.exports.f=function(t){return i&&\"[object Window]\"==o.call(t)?a(t):u(r(t))}},function(t,e,n){var r=n(4),u=n(1),o=n(12);t.exports=function(t,e){var n=(u.Object||{})[t]||Object[t],i={};i[t]=e(n),r(r.S+r.F*o(function(){n(1)}),\"Object\",i)}},function(t,e,n){var r=n(9);t.exports=function(t,e,n){for(var u in e)n&&t[u]?t[u]=e[u]:r(t,u,e[u]);return t}},function(t,e,n){var r=n(13),u=n(6),o=function(t,e){if(u(t),!r(e)&&null!==e)throw TypeError(e+\": can't set as prototype!\")};t.exports={set:Object.setPrototypeOf||(\"__proto__\"in{}?function(t,e,r){try{r=n(11)(Function.call,n(50).f(Object.prototype,\"__proto__\").set,2),r(t,[]),e=!(t instanceof Array)}catch(t){e=!0}return function(t,n){return o(t,n),e?t.__proto__=n:r(t,n),t}}({},!1):void 0),check:o}},function(t,e,n){\"use strict\";var r=n(3),u=n(1),o=n(5),i=n(7),a=n(2)(\"species\");t.exports=function(t){var e=\"function\"==typeof u[t]?u[t]:r[t];i&&e&&!e[a]&&o.f(e,a,{configurable:!0,get:function(){return this}})}},function(t,e,n){var r=n(6),u=n(24),o=n(2)(\"species\");t.exports=function(t,e){var n,i=r(t).constructor;return void 0===i||void 0==(n=r(i)[o])?e:u(n)}},function(t,e,n){var r=n(32),u=n(25);t.exports=function(t){return function(e,n){var o,i,a=String(u(e)),c=r(n),s=a.length;return c<0||c>=s?t?\"\":void 0:(o=a.charCodeAt(c),o<55296||o>56319||c+1===s||(i=a.charCodeAt(c+1))<56320||i>57343?t?a.charAt(c):o:t?a.slice(c,c+2):(o-55296<<10)+(i-56320)+65536)}}},function(t,e,n){var r=n(32),u=Math.max,o=Math.min;t.exports=function(t,e){return t=r(t),t<0?u(t+e,0):o(t,e)}},function(t,e,n){\"use strict\";var r=n(11),u=n(4),o=n(21),i=n(47),a=n(46),c=n(33),s=n(88),f=n(56);u(u.S+u.F*!n(49)(function(t){Array.from(t)}),\"Array\",{from:function(t){var e,n,u,p,l=o(t),d=\"function\"==typeof this?this:Array,v=arguments.length,h=v>1?arguments[1]:void 0,y=void 0!==h,b=0,x=f(l);if(y&&(h=r(h,v>2?arguments[2]:void 0,2)),void 0==x||d==Array&&a(x))for(e=c(l.length),n=new d(e);e>b;b++)s(n,b,y?h(l[b],b):l[b]);else for(p=x.call(l),n=new d;!(u=p.next()).done;b++)s(n,b,y?i(p,h,[u.value,b],!0):u.value);return n.length=b,n}})},function(t,e,n){\"use strict\";var r=n(85),u=n(94),o=n(15),i=n(10);t.exports=n(48)(Array,\"Array\",function(t,e){this._t=i(t),this._i=0,this._k=e},function(){var t=this._t,e=this._k,n=this._i++;return!t||n>=t.length?(this._t=void 0,u(1)):\"keys\"==e?u(0,n):\"values\"==e?u(0,t[n]):u(0,[n,t[n]])},\"values\"),o.Arguments=o.Array,r(\"keys\"),r(\"values\"),r(\"entries\")},function(t,e,n){var r=n(4);r(r.S+r.F,\"Object\",{assign:n(98)})},function(t,e,n){var r=n(4);r(r.S,\"Object\",{create:n(28)})},function(t,e,n){var r=n(4);r(r.S+r.F*!n(7),\"Object\",{defineProperty:n(5).f})},function(t,e,n){var r=n(21),u=n(52);n(101)(\"getPrototypeOf\",function(){return function(t){return u(r(t))}})},function(t,e,n){var r=n(4);r(r.S,\"Object\",{setPrototypeOf:n(103).set})},function(t,e,n){\"use strict\";var r,u,o,i=n(18),a=n(3),c=n(11),s=n(42),f=n(4),p=n(13),l=n(24),d=n(86),v=n(90),h=n(105),y=n(55).set,b=n(97)(),x=\"Promise\",w=a.TypeError,m=a.process,_=a[x],m=a.process,g=\"process\"==s(m),k=function(){},j=!!function(){try{var t=_.resolve(1),e=(t.constructor={})[n(2)(\"species\")]=function(t){t(k,k)};return(g||\"function\"==typeof PromiseRejectionEvent)&&t.then(k)instanceof e}catch(t){}}(),O=function(t,e){return t===e||t===_&&e===o},S=function(t){var e;return!(!p(t)||\"function\"!=typeof(e=t.then))&&e},E=function(t){return O(_,t)?new P(t):new u(t)},P=u=function(t){var e,n;this.promise=new t(function(t,r){if(void 0!==e||void 0!==n)throw w(\"Bad Promise constructor\");e=t,n=r}),this.resolve=l(e),this.reject=l(n)},M=function(t){try{t()}catch(t){return{error:t}}},F=function(t,e){if(!t._n){t._n=!0;var n=t._c;b(function(){for(var r=t._v,u=1==t._s,o=0,i=function(e){var n,o,i=u?e.ok:e.fail,a=e.resolve,c=e.reject,s=e.domain;try{i?(u||(2==t._h&&q(t),t._h=1),i===!0?n=r:(s&&s.enter(),n=i(r),s&&s.exit()),n===e.promise?c(w(\"Promise-chain cycle\")):(o=S(n))?o.call(n,a,c):a(n)):c(r)}catch(t){c(t)}};n.length>o;)i(n[o++]);t._c=[],t._n=!1,e&&!t._h&&A(t)})}},A=function(t){y.call(a,function(){var e,n,r,u=t._v;if(T(t)&&(e=M(function(){g?m.emit(\"unhandledRejection\",u,t):(n=a.onunhandledrejection)?n({promise:t,reason:u}):(r=a.console)&&r.error&&r.error(\"Unhandled promise rejection\",u)}),t._h=g||T(t)?2:1),t._a=void 0,e)throw e.error})},T=function(t){if(1==t._h)return!1;for(var e,n=t._a||t._c,r=0;n.length>r;)if(e=n[r++],e.fail||!T(e.promise))return!1;return!0},q=function(t){y.call(a,function(){var e;g?m.emit(\"rejectionHandled\",t):(e=a.onrejectionhandled)&&e({promise:t,reason:t._v})})},D=function(t){var e=this;e._d||(e._d=!0,e=e._w||e,e._v=t,e._s=2,e._a||(e._a=e._c.slice()),F(e,!0))},I=function(t){var e,n=this;if(!n._d){n._d=!0,n=n._w||n;try{if(n===t)throw w(\"Promise can't be resolved itself\");(e=S(t))?b(function(){var r={_w:n,_d:!1};try{e.call(t,c(I,r,1),c(D,r,1))}catch(t){D.call(r,t)}}):(n._v=t,n._s=1,F(n,!1))}catch(t){D.call({_w:n,_d:!1},t)}}};j||(_=function(t){d(this,_,x,\"_h\"),l(t),r.call(this);try{t(c(I,this,1),c(D,this,1))}catch(t){D.call(this,t)}},r=function(t){this._c=[],this._a=void 0,this._s=0,this._d=!1,this._v=void 0,this._h=0,this._n=!1},r.prototype=n(102)(_.prototype,{then:function(t,e){var n=E(h(this,_));return n.ok=\"function\"!=typeof t||t,n.fail=\"function\"==typeof e&&e,n.domain=g?m.domain:void 0,this._c.push(n),this._a&&this._a.push(n),this._s&&F(this,!1),n.promise},catch:function(t){return this.then(void 0,t)}}),P=function(){var t=new r;this.promise=t,this.resolve=c(I,t,1),this.reject=c(D,t,1)}),f(f.G+f.W+f.F*!j,{Promise:_}),n(20)(_,x),n(104)(x),o=n(1)[x],f(f.S+f.F*!j,x,{reject:function(t){var e=E(this),n=e.reject;return n(t),e.promise}}),f(f.S+f.F*(i||!j),x,{resolve:function(t){if(t instanceof _&&O(t.constructor,this))return t;var e=E(this),n=e.resolve;return n(t),e.promise}}),f(f.S+f.F*!(j&&n(49)(function(t){_.all(t).catch(k)})),x,{all:function(t){var e=this,n=E(e),r=n.resolve,u=n.reject,o=M(function(){var n=[],o=0,i=1;v(t,!1,function(t){var a=o++,c=!1;n.push(void 0),i++,e.resolve(t).then(function(t){c||(c=!0,n[a]=t,--i||r(n))},u)}),--i||r(n)});return o&&u(o.error),n.promise},race:function(t){var e=this,n=E(e),r=n.reject,u=M(function(){v(t,!1,function(t){e.resolve(t).then(n.resolve,r)})});return u&&r(u.error),n.promise}})},function(t,e,n){\"use strict\";var r=n(3),u=n(8),o=n(7),i=n(4),a=n(54),c=n(96).KEY,s=n(12),f=n(31),p=n(20),l=n(22),d=n(2),v=n(36),h=n(35),y=n(95),b=n(89),x=n(92),w=n(6),m=n(10),_=n(34),g=n(17),k=n(28),j=n(100),O=n(50),S=n(5),E=n(16),P=O.f,M=S.f,F=j.f,A=r.Symbol,T=r.JSON,q=T&&T.stringify,D=\"prototype\",I=d(\"_hidden\"),B=d(\"toPrimitive\"),R={}.propertyIsEnumerable,N=f(\"symbol-registry\"),L=f(\"symbols\"),C=f(\"op-symbols\"),W=Object[D],Q=\"function\"==typeof A,z=r.QObject,U=!z||!z[D]||!z[D].findChild,Y=o&&s(function(){return 7!=k(M({},\"a\",{get:function(){return M(this,\"a\",{value:7}).a}})).a})?function(t,e,n){var r=P(W,e);r&&delete W[e],M(t,e,n),r&&t!==W&&M(W,e,r)}:M,K=function(t){var e=L[t]=k(A[D]);return e._k=t,e},G=Q&&\"symbol\"==typeof A.iterator?function(t){return\"symbol\"==typeof t}:function(t){return t instanceof A},J=function(t,e,n){return t===W&&J(C,e,n),w(t),e=_(e,!0),w(n),u(L,e)?(n.enumerable?(u(t,I)&&t[I][e]&&(t[I][e]=!1),n=k(n,{enumerable:g(0,!1)})):(u(t,I)||M(t,I,g(1,{})),t[I][e]=!0),Y(t,e,n)):M(t,e,n)},$=function(t,e){w(t);for(var n,r=b(e=m(e)),u=0,o=r.length;o>u;)J(t,n=r[u++],e[n]);return t},H=function(t,e){return void 0===e?k(t):$(k(t),e)},V=function(t){var e=R.call(this,t=_(t,!0));return!(this===W&&u(L,t)&&!u(C,t))&&(!(e||!u(this,t)||!u(L,t)||u(this,I)&&this[I][t])||e)},X=function(t,e){if(t=m(t),e=_(e,!0),t!==W||!u(L,e)||u(C,e)){var n=P(t,e);return!n||!u(L,e)||u(t,I)&&t[I][e]||(n.enumerable=!0),n}},Z=function(t){for(var e,n=F(m(t)),r=[],o=0;n.length>o;)u(L,e=n[o++])||e==I||e==c||r.push(e);return r},tt=function(t){for(var e,n=t===W,r=F(n?C:m(t)),o=[],i=0;r.length>i;)!u(L,e=r[i++])||n&&!u(W,e)||o.push(L[e]);return o};Q||(A=function(){if(this instanceof A)throw TypeError(\"Symbol is not a constructor!\");var t=l(arguments.length>0?arguments[0]:void 0),e=function(n){this===W&&e.call(C,n),u(this,I)&&u(this[I],t)&&(this[I][t]=!1),Y(this,t,g(1,n))};return o&&U&&Y(W,t,{configurable:!0,set:e}),K(t)},a(A[D],\"toString\",function(){return this._k}),O.f=X,S.f=J,n(51).f=j.f=Z,n(19).f=V,n(29).f=tt,o&&!n(18)&&a(W,\"propertyIsEnumerable\",V,!0),v.f=function(t){return K(d(t))}),i(i.G+i.W+i.F*!Q,{Symbol:A});for(var et=\"hasInstance,isConcatSpreadable,iterator,match,replace,search,species,split,toPrimitive,toStringTag,unscopables\".split(\",\"),nt=0;et.length>nt;)d(et[nt++]);for(var et=E(d.store),nt=0;et.length>nt;)h(et[nt++]);i(i.S+i.F*!Q,\"Symbol\",{for:function(t){return u(N,t+=\"\")?N[t]:N[t]=A(t)},keyFor:function(t){if(G(t))return y(N,t);throw TypeError(t+\" is not a symbol!\")},useSetter:function(){U=!0},useSimple:function(){U=!1}}),i(i.S+i.F*!Q,\"Object\",{create:H,defineProperty:J,defineProperties:$,getOwnPropertyDescriptor:X,getOwnPropertyNames:Z,getOwnPropertySymbols:tt}),T&&i(i.S+i.F*(!Q||s(function(){var t=A();return\"[null]\"!=q([t])||\"{}\"!=q({a:t})||\"{}\"!=q(Object(t))})),\"JSON\",{stringify:function(t){if(void 0!==t&&!G(t)){for(var e,n,r=[t],u=1;arguments.length>u;)r.push(arguments[u++]);return e=r[1],\"function\"==typeof e&&(n=e),!n&&x(e)||(e=function(t,e){if(n&&(e=n.call(this,t,e)),!G(e))return e}),r[1]=e,q.apply(T,r)}}}),A[D][B]||n(9)(A[D],B,A[D].valueOf),p(A,\"Symbol\"),p(Math,\"Math\",!0),p(r.JSON,\"JSON\",!0)},function(t,e,n){n(35)(\"asyncIterator\")},function(t,e,n){n(35)(\"observable\")},function(t,e){t.exports=require(\"child_process\")},function(t,e){t.exports=require(\"crypto\")},function(t,e){t.exports=require(\"os\")},function(t,e){t.exports=require(\"path\")},function(t,e){t.exports=require(\"regenerator-runtime\")}])});"],"l":{"1":293,"2":26}}}